[0.146s] DEBUG:colcon:Command line arguments: ['/usr/bin/colcon', 'build', '--packages-select', 'agitr']
[0.146s] DEBUG:colcon:Parsed command line arguments: Namespace(log_base=None, log_level=None, verb_name='build', build_base='build', install_base='install', merge_install=False, symlink_install=False, test_result_base=None, continue_on_error=False, executor='parallel', parallel_workers=4, event_handlers=None, ignore_user_meta=False, metas=['./colcon.meta'], base_paths=['.'], packages_ignore=None, packages_ignore_regex=None, paths=None, packages_up_to=None, packages_up_to_regex=None, packages_above=None, packages_above_and_dependencies=None, packages_above_depth=None, packages_select_by_dep=None, packages_skip_by_dep=None, packages_skip_up_to=None, packages_select_build_failed=False, packages_skip_build_finished=False, packages_select_test_failures=False, packages_skip_test_passed=False, packages_select=['agitr'], packages_skip=None, packages_select_regex=None, packages_skip_regex=None, packages_start=None, packages_end=None, allow_overriding=[], cmake_args=None, cmake_target=None, cmake_target_skip_unavailable=False, cmake_clean_cache=False, cmake_clean_first=False, cmake_force_configure=False, ament_cmake_args=None, catkin_cmake_args=None, catkin_skip_building_tests=False, mixin_files=None, mixin=None, verb_parser=<colcon_mixin.mixin.mixin_argument.MixinArgumentDecorator object at 0xffff973e3020>, verb_extension=<colcon_core.verb.build.BuildVerb object at 0xffff975978f0>, main=<bound method BuildVerb.main of <colcon_core.verb.build.BuildVerb object at 0xffff975978f0>>, mixin_verb=('build',))
[0.207s] Level 1:colcon.colcon_core.package_discovery:discover_packages(colcon_meta) check parameters
[0.207s] Level 1:colcon.colcon_core.package_discovery:discover_packages(recursive) check parameters
[0.207s] Level 1:colcon.colcon_core.package_discovery:discover_packages(ignore) check parameters
[0.207s] Level 1:colcon.colcon_core.package_discovery:discover_packages(path) check parameters
[0.207s] Level 1:colcon.colcon_core.package_discovery:discover_packages(colcon_meta) discover
[0.207s] Level 1:colcon.colcon_core.package_discovery:discover_packages(recursive) discover
[0.208s] INFO:colcon.colcon_core.package_discovery:Crawling recursively for packages in '/home/elee4000/Desktop/ros2_NEW_ws'
[0.208s] Level 1:colcon.colcon_core.package_identification:_identify(.) by extensions ['ignore', 'ignore_ament_install']
[0.208s] Level 1:colcon.colcon_core.package_identification:_identify(.) by extension 'ignore'
[0.208s] Level 1:colcon.colcon_core.package_identification:_identify(.) by extension 'ignore_ament_install'
[0.208s] Level 1:colcon.colcon_core.package_identification:_identify(.) by extensions ['colcon_pkg']
[0.208s] Level 1:colcon.colcon_core.package_identification:_identify(.) by extension 'colcon_pkg'
[0.208s] Level 1:colcon.colcon_core.package_identification:_identify(.) by extensions ['colcon_meta']
[0.208s] Level 1:colcon.colcon_core.package_identification:_identify(.) by extension 'colcon_meta'
[0.208s] Level 1:colcon.colcon_core.package_identification:_identify(.) by extensions ['ros']
[0.208s] Level 1:colcon.colcon_core.package_identification:_identify(.) by extension 'ros'
[0.263s] Level 1:colcon.colcon_core.package_identification:_identify(.) by extensions ['cmake', 'python']
[0.263s] Level 1:colcon.colcon_core.package_identification:_identify(.) by extension 'cmake'
[0.264s] Level 1:colcon.colcon_core.package_identification:_identify(.) by extension 'python'
[0.264s] Level 1:colcon.colcon_core.package_identification:_identify(.) by extensions ['python_setup_py']
[0.264s] Level 1:colcon.colcon_core.package_identification:_identify(.) by extension 'python_setup_py'
[0.264s] Level 1:colcon.colcon_core.package_identification:_identify(build) by extensions ['ignore', 'ignore_ament_install']
[0.265s] Level 1:colcon.colcon_core.package_identification:_identify(build) by extension 'ignore'
[0.265s] Level 1:colcon.colcon_core.package_identification:_identify(build) ignored
[0.265s] Level 1:colcon.colcon_core.package_identification:_identify(install) by extensions ['ignore', 'ignore_ament_install']
[0.266s] Level 1:colcon.colcon_core.package_identification:_identify(install) by extension 'ignore'
[0.266s] Level 1:colcon.colcon_core.package_identification:_identify(install) ignored
[0.266s] Level 1:colcon.colcon_core.package_identification:_identify(log) by extensions ['ignore', 'ignore_ament_install']
[0.267s] Level 1:colcon.colcon_core.package_identification:_identify(log) by extension 'ignore'
[0.267s] Level 1:colcon.colcon_core.package_identification:_identify(log) ignored
[0.267s] Level 1:colcon.colcon_core.package_identification:_identify(src) by extensions ['ignore', 'ignore_ament_install']
[0.268s] Level 1:colcon.colcon_core.package_identification:_identify(src) by extension 'ignore'
[0.268s] Level 1:colcon.colcon_core.package_identification:_identify(src) by extension 'ignore_ament_install'
[0.268s] Level 1:colcon.colcon_core.package_identification:_identify(src) by extensions ['colcon_pkg']
[0.269s] Level 1:colcon.colcon_core.package_identification:_identify(src) by extension 'colcon_pkg'
[0.269s] Level 1:colcon.colcon_core.package_identification:_identify(src) by extensions ['colcon_meta']
[0.269s] Level 1:colcon.colcon_core.package_identification:_identify(src) by extension 'colcon_meta'
[0.269s] Level 1:colcon.colcon_core.package_identification:_identify(src) by extensions ['ros']
[0.269s] Level 1:colcon.colcon_core.package_identification:_identify(src) by extension 'ros'
[0.269s] Level 1:colcon.colcon_core.package_identification:_identify(src) by extensions ['cmake', 'python']
[0.270s] Level 1:colcon.colcon_core.package_identification:_identify(src) by extension 'cmake'
[0.270s] Level 1:colcon.colcon_core.package_identification:_identify(src) by extension 'python'
[0.270s] Level 1:colcon.colcon_core.package_identification:_identify(src) by extensions ['python_setup_py']
[0.270s] Level 1:colcon.colcon_core.package_identification:_identify(src) by extension 'python_setup_py'
[0.270s] Level 1:colcon.colcon_core.package_identification:_identify(src/agitr) by extensions ['ignore', 'ignore_ament_install']
[0.271s] Level 1:colcon.colcon_core.package_identification:_identify(src/agitr) by extension 'ignore'
[0.271s] Level 1:colcon.colcon_core.package_identification:_identify(src/agitr) by extension 'ignore_ament_install'
[0.271s] Level 1:colcon.colcon_core.package_identification:_identify(src/agitr) by extensions ['colcon_pkg']
[0.272s] Level 1:colcon.colcon_core.package_identification:_identify(src/agitr) by extension 'colcon_pkg'
[0.272s] Level 1:colcon.colcon_core.package_identification:_identify(src/agitr) by extensions ['colcon_meta']
[0.272s] Level 1:colcon.colcon_core.package_identification:_identify(src/agitr) by extension 'colcon_meta'
[0.272s] Level 1:colcon.colcon_core.package_identification:_identify(src/agitr) by extensions ['ros']
[0.272s] Level 1:colcon.colcon_core.package_identification:_identify(src/agitr) by extension 'ros'
[0.280s] DEBUG:colcon.colcon_core.package_identification:Package 'src/agitr' with type 'ros.ament_cmake' and name 'agitr'
[0.280s] Level 1:colcon.colcon_core.package_identification:_identify(src/build) by extensions ['ignore', 'ignore_ament_install']
[0.281s] Level 1:colcon.colcon_core.package_identification:_identify(src/build) by extension 'ignore'
[0.281s] Level 1:colcon.colcon_core.package_identification:_identify(src/build) ignored
[0.281s] Level 1:colcon.colcon_core.package_identification:_identify(src/install) by extensions ['ignore', 'ignore_ament_install']
[0.281s] Level 1:colcon.colcon_core.package_identification:_identify(src/install) by extension 'ignore'
[0.281s] Level 1:colcon.colcon_core.package_identification:_identify(src/install) ignored
[0.282s] Level 1:colcon.colcon_core.package_identification:_identify(src/log) by extensions ['ignore', 'ignore_ament_install']
[0.282s] Level 1:colcon.colcon_core.package_identification:_identify(src/log) by extension 'ignore'
[0.282s] Level 1:colcon.colcon_core.package_identification:_identify(src/log) ignored
[0.282s] Level 1:colcon.colcon_core.package_discovery:discover_packages(recursive) using defaults
[0.282s] Level 1:colcon.colcon_core.package_discovery:discover_packages(ignore) discover
[0.282s] Level 1:colcon.colcon_core.package_discovery:discover_packages(ignore) using defaults
[0.283s] Level 1:colcon.colcon_core.package_discovery:discover_packages(path) discover
[0.283s] Level 1:colcon.colcon_core.package_discovery:discover_packages(path) using defaults
[0.327s] Level 1:colcon.colcon_core.package_discovery:discover_packages(prefix_path) check parameters
[0.327s] Level 1:colcon.colcon_core.package_discovery:discover_packages(prefix_path) discover
[0.330s] DEBUG:colcon.colcon_installed_package_information.package_discovery:Found 3 installed packages in /home/elee4000/ros2_ws/install
[0.333s] DEBUG:colcon.colcon_installed_package_information.package_discovery:Found 285 installed packages in /opt/ros/jazzy
[0.334s] Level 1:colcon.colcon_core.package_discovery:discover_packages(prefix_path) using defaults
[0.413s] Level 5:colcon.colcon_core.verb:set package 'agitr' build argument 'cmake_args' from command line to 'None'
[0.414s] Level 5:colcon.colcon_core.verb:set package 'agitr' build argument 'cmake_target' from command line to 'None'
[0.414s] Level 5:colcon.colcon_core.verb:set package 'agitr' build argument 'cmake_target_skip_unavailable' from command line to 'False'
[0.414s] Level 5:colcon.colcon_core.verb:set package 'agitr' build argument 'cmake_clean_cache' from command line to 'False'
[0.414s] Level 5:colcon.colcon_core.verb:set package 'agitr' build argument 'cmake_clean_first' from command line to 'False'
[0.414s] Level 5:colcon.colcon_core.verb:set package 'agitr' build argument 'cmake_force_configure' from command line to 'False'
[0.414s] Level 5:colcon.colcon_core.verb:set package 'agitr' build argument 'ament_cmake_args' from command line to 'None'
[0.414s] Level 5:colcon.colcon_core.verb:set package 'agitr' build argument 'catkin_cmake_args' from command line to 'None'
[0.414s] Level 5:colcon.colcon_core.verb:set package 'agitr' build argument 'catkin_skip_building_tests' from command line to 'False'
[0.414s] DEBUG:colcon.colcon_core.verb:Building package 'agitr' with the following arguments: {'ament_cmake_args': None, 'build_base': '/home/elee4000/Desktop/ros2_NEW_ws/build/agitr', 'catkin_cmake_args': None, 'catkin_skip_building_tests': False, 'cmake_args': None, 'cmake_clean_cache': False, 'cmake_clean_first': False, 'cmake_force_configure': False, 'cmake_target': None, 'cmake_target_skip_unavailable': False, 'install_base': '/home/elee4000/Desktop/ros2_NEW_ws/install/agitr', 'merge_install': False, 'path': '/home/elee4000/Desktop/ros2_NEW_ws/src/agitr', 'symlink_install': False, 'test_result_base': None}
[0.414s] INFO:colcon.colcon_core.executor:Executing jobs using 'parallel' executor
[0.416s] DEBUG:colcon.colcon_parallel_executor.executor.parallel:run_until_complete
[0.419s] INFO:colcon.colcon_ros.task.ament_cmake.build:Building ROS package in '/home/elee4000/Desktop/ros2_NEW_ws/src/agitr' with build type 'ament_cmake'
[0.420s] INFO:colcon.colcon_cmake.task.cmake.build:Building CMake package in '/home/elee4000/Desktop/ros2_NEW_ws/src/agitr'
[0.431s] INFO:colcon.colcon_core.plugin_system:Skipping extension 'colcon_core.shell.bat': Not used on non-Windows systems
[0.432s] INFO:colcon.colcon_core.shell:Skip shell extension 'powershell' for command environment: Not usable outside of PowerShell
[0.433s] DEBUG:colcon.colcon_core.shell:Skip shell extension 'dsv' for command environment
[0.456s] DEBUG:colcon.colcon_core.event_handler.log_command:Invoking command in '/home/elee4000/Desktop/ros2_NEW_ws/build/agitr': CMAKE_PREFIX_PATH=${CMAKE_PREFIX_PATH}:/opt/ros/jazzy DEBUGINFOD_URLS=https://debuginfod.ubuntu.com /usr/bin/cmake --build /home/elee4000/Desktop/ros2_NEW_ws/build/agitr -- -j4 -l4
[0.679s] DEBUG:colcon.colcon_core.event_handler.log_command:Invoked command in '/home/elee4000/Desktop/ros2_NEW_ws/build/agitr' returned '0': CMAKE_PREFIX_PATH=${CMAKE_PREFIX_PATH}:/opt/ros/jazzy DEBUGINFOD_URLS=https://debuginfod.ubuntu.com /usr/bin/cmake --build /home/elee4000/Desktop/ros2_NEW_ws/build/agitr -- -j4 -l4
[0.693s] DEBUG:colcon.colcon_core.event_handler.log_command:Invoking command in '/home/elee4000/Desktop/ros2_NEW_ws/build/agitr': CMAKE_PREFIX_PATH=${CMAKE_PREFIX_PATH}:/opt/ros/jazzy DEBUGINFOD_URLS=https://debuginfod.ubuntu.com /usr/bin/cmake --install /home/elee4000/Desktop/ros2_NEW_ws/build/agitr
[0.711s] Level 1:colcon.colcon_core.environment:create_environment_scripts_only(agitr)
[0.715s] Level 1:colcon.colcon_core.environment:checking '/home/elee4000/Desktop/ros2_NEW_ws/install/agitr' for CMake module files
[0.716s] DEBUG:colcon.colcon_core.event_handler.log_command:Invoked command in '/home/elee4000/Desktop/ros2_NEW_ws/build/agitr' returned '0': CMAKE_PREFIX_PATH=${CMAKE_PREFIX_PATH}:/opt/ros/jazzy DEBUGINFOD_URLS=https://debuginfod.ubuntu.com /usr/bin/cmake --install /home/elee4000/Desktop/ros2_NEW_ws/build/agitr
[0.718s] Level 1:colcon.colcon_core.environment:checking '/home/elee4000/Desktop/ros2_NEW_ws/install/agitr' for CMake config files
[0.719s] Level 1:colcon.colcon_core.shell:create_environment_hook('agitr', 'cmake_prefix_path')
[0.720s] INFO:colcon.colcon_core.shell:Creating environment hook '/home/elee4000/Desktop/ros2_NEW_ws/install/agitr/share/agitr/hook/cmake_prefix_path.ps1'
[0.723s] INFO:colcon.colcon_core.shell:Creating environment descriptor '/home/elee4000/Desktop/ros2_NEW_ws/install/agitr/share/agitr/hook/cmake_prefix_path.dsv'
[0.781s] INFO:colcon.colcon_core.shell:Creating environment hook '/home/elee4000/Desktop/ros2_NEW_ws/install/agitr/share/agitr/hook/cmake_prefix_path.sh'
[0.783s] Level 1:colcon.colcon_core.environment:checking '/home/elee4000/Desktop/ros2_NEW_ws/install/agitr/lib'
[0.784s] Level 1:colcon.colcon_core.environment:checking '/home/elee4000/Desktop/ros2_NEW_ws/install/agitr/bin'
[0.784s] Level 1:colcon.colcon_core.environment:checking '/home/elee4000/Desktop/ros2_NEW_ws/install/agitr/lib/pkgconfig/agitr.pc'
[0.785s] Level 1:colcon.colcon_core.environment:checking '/home/elee4000/Desktop/ros2_NEW_ws/install/agitr/lib/python3.12/site-packages'
[0.785s] Level 1:colcon.colcon_core.environment:checking '/home/elee4000/Desktop/ros2_NEW_ws/install/agitr/bin'
[0.786s] INFO:colcon.colcon_core.shell:Creating package script '/home/elee4000/Desktop/ros2_NEW_ws/install/agitr/share/agitr/package.ps1'
[0.787s] INFO:colcon.colcon_core.shell:Creating package descriptor '/home/elee4000/Desktop/ros2_NEW_ws/install/agitr/share/agitr/package.dsv'
[0.789s] INFO:colcon.colcon_core.shell:Creating package script '/home/elee4000/Desktop/ros2_NEW_ws/install/agitr/share/agitr/package.sh'
[0.791s] INFO:colcon.colcon_core.shell:Creating package script '/home/elee4000/Desktop/ros2_NEW_ws/install/agitr/share/agitr/package.bash'
[0.793s] INFO:colcon.colcon_core.shell:Creating package script '/home/elee4000/Desktop/ros2_NEW_ws/install/agitr/share/agitr/package.zsh'
[0.794s] Level 1:colcon.colcon_core.environment:create_file_with_runtime_dependencies(/home/elee4000/Desktop/ros2_NEW_ws/install/agitr/share/colcon-core/packages/agitr)
[0.796s] Level 1:colcon.colcon_core.environment:create_environment_scripts_only(agitr)
[0.796s] Level 1:colcon.colcon_core.environment:checking '/home/elee4000/Desktop/ros2_NEW_ws/install/agitr' for CMake module files
[0.797s] Level 1:colcon.colcon_core.environment:checking '/home/elee4000/Desktop/ros2_NEW_ws/install/agitr' for CMake config files
[0.798s] Level 1:colcon.colcon_core.shell:create_environment_hook('agitr', 'cmake_prefix_path')
[0.798s] INFO:colcon.colcon_core.shell:Creating environment hook '/home/elee4000/Desktop/ros2_NEW_ws/install/agitr/share/agitr/hook/cmake_prefix_path.ps1'
[0.799s] INFO:colcon.colcon_core.shell:Creating environment descriptor '/home/elee4000/Desktop/ros2_NEW_ws/install/agitr/share/agitr/hook/cmake_prefix_path.dsv'
[0.801s] INFO:colcon.colcon_core.shell:Creating environment hook '/home/elee4000/Desktop/ros2_NEW_ws/install/agitr/share/agitr/hook/cmake_prefix_path.sh'
[0.803s] Level 1:colcon.colcon_core.environment:checking '/home/elee4000/Desktop/ros2_NEW_ws/install/agitr/lib'
[0.803s] Level 1:colcon.colcon_core.environment:checking '/home/elee4000/Desktop/ros2_NEW_ws/install/agitr/bin'
[0.803s] Level 1:colcon.colcon_core.environment:checking '/home/elee4000/Desktop/ros2_NEW_ws/install/agitr/lib/pkgconfig/agitr.pc'
[0.803s] Level 1:colcon.colcon_core.environment:checking '/home/elee4000/Desktop/ros2_NEW_ws/install/agitr/lib/python3.12/site-packages'
[0.804s] Level 1:colcon.colcon_core.environment:checking '/home/elee4000/Desktop/ros2_NEW_ws/install/agitr/bin'
[0.804s] INFO:colcon.colcon_core.shell:Creating package script '/home/elee4000/Desktop/ros2_NEW_ws/install/agitr/share/agitr/package.ps1'
[0.805s] INFO:colcon.colcon_core.shell:Creating package descriptor '/home/elee4000/Desktop/ros2_NEW_ws/install/agitr/share/agitr/package.dsv'
[0.806s] INFO:colcon.colcon_core.shell:Creating package script '/home/elee4000/Desktop/ros2_NEW_ws/install/agitr/share/agitr/package.sh'
[0.808s] INFO:colcon.colcon_core.shell:Creating package script '/home/elee4000/Desktop/ros2_NEW_ws/install/agitr/share/agitr/package.bash'
[0.810s] INFO:colcon.colcon_core.shell:Creating package script '/home/elee4000/Desktop/ros2_NEW_ws/install/agitr/share/agitr/package.zsh'
[0.811s] Level 1:colcon.colcon_core.environment:create_file_with_runtime_dependencies(/home/elee4000/Desktop/ros2_NEW_ws/install/agitr/share/colcon-core/packages/agitr)
[0.813s] DEBUG:colcon.colcon_parallel_executor.executor.parallel:closing loop
[0.813s] DEBUG:colcon.colcon_parallel_executor.executor.parallel:loop closed
[0.813s] DEBUG:colcon.colcon_parallel_executor.executor.parallel:run_until_complete finished with '0'
[0.814s] DEBUG:colcon.colcon_core.event_reactor:joining thread
[0.831s] INFO:colcon.colcon_core.plugin_system:Skipping extension 'colcon_notification.desktop_notification.terminal_notifier': Not used on non-Darwin systems
[0.831s] INFO:colcon.colcon_core.plugin_system:Skipping extension 'colcon_notification.desktop_notification.win32': Not used on non-Windows systems
[0.831s] INFO:colcon.colcon_notification.desktop_notification:Sending desktop notification using 'notify2'
[0.866s] DEBUG:colcon.colcon_core.event_reactor:joined thread
[0.868s] INFO:colcon.colcon_core.shell:Creating prefix script '/home/elee4000/Desktop/ros2_NEW_ws/install/local_setup.ps1'
[0.879s] INFO:colcon.colcon_core.shell:Creating prefix util module '/home/elee4000/Desktop/ros2_NEW_ws/install/_local_setup_util_ps1.py'
[0.883s] INFO:colcon.colcon_core.shell:Creating prefix chain script '/home/elee4000/Desktop/ros2_NEW_ws/install/setup.ps1'
[0.887s] INFO:colcon.colcon_core.shell:Creating prefix script '/home/elee4000/Desktop/ros2_NEW_ws/install/local_setup.sh'
[0.890s] INFO:colcon.colcon_core.shell:Creating prefix util module '/home/elee4000/Desktop/ros2_NEW_ws/install/_local_setup_util_sh.py'
[0.902s] INFO:colcon.colcon_core.shell:Creating prefix chain script '/home/elee4000/Desktop/ros2_NEW_ws/install/setup.sh'
[0.910s] INFO:colcon.colcon_core.shell:Creating prefix script '/home/elee4000/Desktop/ros2_NEW_ws/install/local_setup.bash'
[0.913s] INFO:colcon.colcon_core.shell:Creating prefix chain script '/home/elee4000/Desktop/ros2_NEW_ws/install/setup.bash'
[0.917s] INFO:colcon.colcon_core.shell:Creating prefix script '/home/elee4000/Desktop/ros2_NEW_ws/install/local_setup.zsh'
[0.919s] INFO:colcon.colcon_core.shell:Creating prefix chain script '/home/elee4000/Desktop/ros2_NEW_ws/install/setup.zsh'
