[0.048s] Invoking command in '/home/elee4000/Desktop/ros2_NEW_ws/build/agitr': CMAKE_PREFIX_PATH=${CMAKE_PREFIX_PATH}:/opt/ros/jazzy DEBUGINFOD_URLS=https://debuginfod.ubuntu.com /usr/bin/cmake --build /home/elee4000/Desktop/ros2_NEW_ws/build/agitr -- -j4 -l4
[0.074s] Change Dir: '/home/elee4000/Desktop/ros2_NEW_ws/build/agitr'
[0.074s] 
[0.074s] Run Build Command(s): /usr/bin/cmake -E env VERBOSE=1 /usr/bin/gmake -f Makefile -j4 -l4
[0.115s] /usr/bin/cmake -S/home/elee4000/Desktop/ros2_NEW_ws/src/agitr -B/home/elee4000/Desktop/ros2_NEW_ws/build/agitr --check-build-system CMakeFiles/Makefile.cmake 0
[0.153s] /usr/bin/cmake -E cmake_progress_start /home/elee4000/Desktop/ros2_NEW_ws/build/agitr/CMakeFiles /home/elee4000/Desktop/ros2_NEW_ws/build/agitr//CMakeFiles/progress.marks
[0.186s] /usr/bin/gmake  -f CMakeFiles/Makefile2 all
[0.251s] gmake[1]: Entering directory '/home/elee4000/Desktop/ros2_NEW_ws/build/agitr'
[0.252s] /usr/bin/gmake  -f CMakeFiles/hello_world.dir/build.make CMakeFiles/hello_world.dir/depend
[0.252s] /usr/bin/gmake  -f CMakeFiles/publish_read_analog.dir/build.make CMakeFiles/publish_read_analog.dir/depend
[0.252s] /usr/bin/gmake  -f CMakeFiles/subsrcibe_positon.dir/build.make CMakeFiles/subsrcibe_positon.dir/depend
[0.258s] gmake[2]: Entering directory '/home/elee4000/Desktop/ros2_NEW_ws/build/agitr'
[0.259s] cd /home/elee4000/Desktop/ros2_NEW_ws/build/agitr && /usr/bin/cmake -E cmake_depends "Unix Makefiles" /home/elee4000/Desktop/ros2_NEW_ws/src/agitr /home/elee4000/Desktop/ros2_NEW_ws/src/agitr /home/elee4000/Desktop/ros2_NEW_ws/build/agitr /home/elee4000/Desktop/ros2_NEW_ws/build/agitr /home/elee4000/Desktop/ros2_NEW_ws/build/agitr/CMakeFiles/publish_read_analog.dir/DependInfo.cmake "--color="
[0.259s] gmake[2]: Entering directory '/home/elee4000/Desktop/ros2_NEW_ws/build/agitr'
[0.259s] cd /home/elee4000/Desktop/ros2_NEW_ws/build/agitr && /usr/bin/cmake -E cmake_depends "Unix Makefiles" /home/elee4000/Desktop/ros2_NEW_ws/src/agitr /home/elee4000/Desktop/ros2_NEW_ws/src/agitr /home/elee4000/Desktop/ros2_NEW_ws/build/agitr /home/elee4000/Desktop/ros2_NEW_ws/build/agitr /home/elee4000/Desktop/ros2_NEW_ws/build/agitr/CMakeFiles/subsrcibe_positon.dir/DependInfo.cmake "--color="
[0.287s] gmake[2]: Entering directory '/home/elee4000/Desktop/ros2_NEW_ws/build/agitr'
[0.287s] cd /home/elee4000/Desktop/ros2_NEW_ws/build/agitr && /usr/bin/cmake -E cmake_depends "Unix Makefiles" /home/elee4000/Desktop/ros2_NEW_ws/src/agitr /home/elee4000/Desktop/ros2_NEW_ws/src/agitr /home/elee4000/Desktop/ros2_NEW_ws/build/agitr /home/elee4000/Desktop/ros2_NEW_ws/build/agitr /home/elee4000/Desktop/ros2_NEW_ws/build/agitr/CMakeFiles/hello_world.dir/DependInfo.cmake "--color="
[0.293s] Dependencies file "CMakeFiles/publish_read_analog.dir/src/publish_read_analog.cpp.o.d" is newer than depends file "/home/elee4000/Desktop/ros2_NEW_ws/build/agitr/CMakeFiles/publish_read_analog.dir/compiler_depend.internal".
[0.300s] [35m[1mConsolidate compiler generated dependencies of target publish_read_analog[0m
[0.317s] gmake[2]: Leaving directory '/home/elee4000/Desktop/ros2_NEW_ws/build/agitr'
[0.318s] /usr/bin/gmake  -f CMakeFiles/hello_world.dir/build.make CMakeFiles/hello_world.dir/build
[0.332s] gmake[2]: Leaving directory '/home/elee4000/Desktop/ros2_NEW_ws/build/agitr'
[0.332s] Dependencies file "CMakeFiles/subsrcibe_positon.dir/src/subsrcibe_positon.cpp.o.d" is newer than depends file "/home/elee4000/Desktop/ros2_NEW_ws/build/agitr/CMakeFiles/subsrcibe_positon.dir/compiler_depend.internal".
[0.334s] [35m[1mConsolidate compiler generated dependencies of target subsrcibe_positon[0m
[0.336s] gmake[2]: Entering directory '/home/elee4000/Desktop/ros2_NEW_ws/build/agitr'
[0.336s] gmake[2]: Nothing to be done for 'CMakeFiles/hello_world.dir/build'.
[0.336s] gmake[2]: Leaving directory '/home/elee4000/Desktop/ros2_NEW_ws/build/agitr'
[0.336s] /usr/bin/gmake  -f CMakeFiles/publish_read_analog.dir/build.make CMakeFiles/publish_read_analog.dir/build
[0.362s] gmake[2]: Entering directory '/home/elee4000/Desktop/ros2_NEW_ws/build/agitr'
[0.362s] gmake[2]: Nothing to be done for 'CMakeFiles/publish_read_analog.dir/build'.
[0.363s] gmake[2]: Leaving directory '/home/elee4000/Desktop/ros2_NEW_ws/build/agitr'
[0.363s] gmake[2]: Leaving directory '/home/elee4000/Desktop/ros2_NEW_ws/build/agitr'
[0.363s] /usr/bin/gmake  -f CMakeFiles/subsrcibe_positon.dir/build.make CMakeFiles/subsrcibe_positon.dir/build
[0.376s] [ 33%] Built target hello_world
[0.377s] gmake[2]: Entering directory '/home/elee4000/Desktop/ros2_NEW_ws/build/agitr'
[0.384s] [ 66%] Built target publish_read_analog
[0.420s] [ 83%] [32mBuilding CXX object CMakeFiles/subsrcibe_positon.dir/src/subsrcibe_positon.cpp.o[0m
[0.430s] /usr/bin/c++ -DDEFAULT_RMW_IMPLEMENTATION=rmw_fastrtps_cpp -DFASTCDR_DYN_LINK -isystem /opt/ros/jazzy/include/rclcpp -isystem /opt/ros/jazzy/include/geometry_msgs -isystem /opt/ros/jazzy/include/builtin_interfaces -isystem /opt/ros/jazzy/include/rosidl_runtime_c -isystem /opt/ros/jazzy/include/rcutils -isystem /opt/ros/jazzy/include/rosidl_typesupport_interface -isystem /opt/ros/jazzy/include/fastcdr -isystem /opt/ros/jazzy/include/rosidl_runtime_cpp -isystem /opt/ros/jazzy/include/rosidl_typesupport_fastrtps_cpp -isystem /opt/ros/jazzy/include/rmw -isystem /opt/ros/jazzy/include/rosidl_dynamic_typesupport -isystem /opt/ros/jazzy/include/rosidl_typesupport_fastrtps_c -isystem /opt/ros/jazzy/include/rosidl_typesupport_introspection_c -isystem /opt/ros/jazzy/include/rosidl_typesupport_introspection_cpp -isystem /opt/ros/jazzy/include/libstatistics_collector -isystem /opt/ros/jazzy/include/rcl -isystem /opt/ros/jazzy/include/rcl_interfaces -isystem /opt/ros/jazzy/include/service_msgs -isystem /opt/ros/jazzy/include/rcl_logging_interface -isystem /opt/ros/jazzy/include/rcl_yaml_param_parser -isystem /opt/ros/jazzy/include/type_description_interfaces -isystem /opt/ros/jazzy/include/rcpputils -isystem /opt/ros/jazzy/include/statistics_msgs -isystem /opt/ros/jazzy/include/rosgraph_msgs -isystem /opt/ros/jazzy/include/rosidl_typesupport_cpp -isystem /opt/ros/jazzy/include/rosidl_typesupport_c -isystem /opt/ros/jazzy/include/tracetools -isystem /opt/ros/jazzy/include/std_msgs -Wall -Wextra -Wpedantic -MD -MT CMakeFiles/subsrcibe_positon.dir/src/subsrcibe_positon.cpp.o -MF CMakeFiles/subsrcibe_positon.dir/src/subsrcibe_positon.cpp.o.d -o CMakeFiles/subsrcibe_positon.dir/src/subsrcibe_positon.cpp.o -c /home/elee4000/Desktop/ros2_NEW_ws/src/agitr/src/subsrcibe_positon.cpp
[13.368s] [100%] [32m[1mLinking CXX executable subsrcibe_positon[0m
[13.371s] /usr/bin/cmake -E cmake_link_script CMakeFiles/subsrcibe_positon.dir/link.txt --verbose=1
[13.395s] /usr/bin/c++ CMakeFiles/subsrcibe_positon.dir/src/subsrcibe_positon.cpp.o -o subsrcibe_positon  -Wl,-rpath,/opt/ros/jazzy/lib: /opt/ros/jazzy/lib/librclcpp.so /opt/ros/jazzy/lib/libgeometry_msgs__rosidl_typesupport_fastrtps_c.so /opt/ros/jazzy/lib/libgeometry_msgs__rosidl_typesupport_introspection_c.so /opt/ros/jazzy/lib/libgeometry_msgs__rosidl_typesupport_fastrtps_cpp.so /opt/ros/jazzy/lib/libgeometry_msgs__rosidl_typesupport_introspection_cpp.so /opt/ros/jazzy/lib/libgeometry_msgs__rosidl_typesupport_cpp.so /opt/ros/jazzy/lib/libgeometry_msgs__rosidl_generator_py.so /opt/ros/jazzy/lib/liblibstatistics_collector.so /opt/ros/jazzy/lib/librcl.so /opt/ros/jazzy/lib/librmw_implementation.so /opt/ros/jazzy/lib/libtype_description_interfaces__rosidl_typesupport_fastrtps_c.so /opt/ros/jazzy/lib/libtype_description_interfaces__rosidl_typesupport_introspection_c.so /opt/ros/jazzy/lib/libtype_description_interfaces__rosidl_typesupport_fastrtps_cpp.so /opt/ros/jazzy/lib/libtype_description_interfaces__rosidl_typesupport_introspection_cpp.so /opt/ros/jazzy/lib/libtype_description_interfaces__rosidl_typesupport_cpp.so /opt/ros/jazzy/lib/libtype_description_interfaces__rosidl_generator_py.so /opt/ros/jazzy/lib/libtype_description_interfaces__rosidl_typesupport_c.so /opt/ros/jazzy/lib/libtype_description_interfaces__rosidl_generator_c.so /opt/ros/jazzy/lib/librcl_interfaces__rosidl_typesupport_fastrtps_c.so /opt/ros/jazzy/lib/librcl_interfaces__rosidl_typesupport_introspection_c.so /opt/ros/jazzy/lib/librcl_interfaces__rosidl_typesupport_fastrtps_cpp.so /opt/ros/jazzy/lib/librcl_interfaces__rosidl_typesupport_introspection_cpp.so /opt/ros/jazzy/lib/librcl_interfaces__rosidl_typesupport_cpp.so /opt/ros/jazzy/lib/librcl_interfaces__rosidl_generator_py.so /opt/ros/jazzy/lib/librcl_interfaces__rosidl_typesupport_c.so /opt/ros/jazzy/lib/librcl_interfaces__rosidl_generator_c.so /opt/ros/jazzy/lib/libservice_msgs__rosidl_typesupport_fastrtps_c.so /opt/ros/jazzy/lib/libservice_msgs__rosidl_typesupport_introspection_c.so /opt/ros/jazzy/lib/libservice_msgs__rosidl_typesupport_fastrtps_cpp.so /opt/ros/jazzy/lib/libservice_msgs__rosidl_typesupport_introspection_cpp.so /opt/ros/jazzy/lib/libservice_msgs__rosidl_typesupport_cpp.so /opt/ros/jazzy/lib/libservice_msgs__rosidl_typesupport_c.so /opt/ros/jazzy/lib/libservice_msgs__rosidl_generator_c.so /opt/ros/jazzy/lib/librcl_yaml_param_parser.so /opt/ros/jazzy/lib/librosgraph_msgs__rosidl_typesupport_fastrtps_c.so /opt/ros/jazzy/lib/librosgraph_msgs__rosidl_typesupport_fastrtps_cpp.so /opt/ros/jazzy/lib/librosgraph_msgs__rosidl_typesupport_introspection_c.so /opt/ros/jazzy/lib/librosgraph_msgs__rosidl_typesupport_introspection_cpp.so /opt/ros/jazzy/lib/librosgraph_msgs__rosidl_typesupport_cpp.so /opt/ros/jazzy/lib/librosgraph_msgs__rosidl_generator_py.so /opt/ros/jazzy/lib/librosgraph_msgs__rosidl_typesupport_c.so /opt/ros/jazzy/lib/librosgraph_msgs__rosidl_generator_c.so /opt/ros/jazzy/lib/libstatistics_msgs__rosidl_typesupport_fastrtps_c.so /opt/ros/jazzy/lib/libstatistics_msgs__rosidl_typesupport_fastrtps_cpp.so /opt/ros/jazzy/lib/libstatistics_msgs__rosidl_typesupport_introspection_c.so /opt/ros/jazzy/lib/libstatistics_msgs__rosidl_typesupport_introspection_cpp.so /opt/ros/jazzy/lib/libstatistics_msgs__rosidl_typesupport_cpp.so /opt/ros/jazzy/lib/libstatistics_msgs__rosidl_generator_py.so /opt/ros/jazzy/lib/libstatistics_msgs__rosidl_typesupport_c.so /opt/ros/jazzy/lib/libstatistics_msgs__rosidl_generator_c.so /opt/ros/jazzy/lib/libtracetools.so -llttng-ust -llttng-ust-common -rdynamic -ldl /opt/ros/jazzy/lib/librcl_logging_interface.so /opt/ros/jazzy/lib/libgeometry_msgs__rosidl_typesupport_c.so /opt/ros/jazzy/lib/libgeometry_msgs__rosidl_generator_c.so /opt/ros/jazzy/lib/libstd_msgs__rosidl_typesupport_fastrtps_c.so /opt/ros/jazzy/lib/libstd_msgs__rosidl_typesupport_introspection_c.so /opt/ros/jazzy/lib/libstd_msgs__rosidl_typesupport_fastrtps_cpp.so /opt/ros/jazzy/lib/libstd_msgs__rosidl_typesupport_introspection_cpp.so /opt/ros/jazzy/lib/libstd_msgs__rosidl_typesupport_cpp.so /opt/ros/jazzy/lib/libbuiltin_interfaces__rosidl_typesupport_fastrtps_c.so /opt/ros/jazzy/lib/librosidl_typesupport_fastrtps_c.so /opt/ros/jazzy/lib/libbuiltin_interfaces__rosidl_typesupport_introspection_c.so /opt/ros/jazzy/lib/libbuiltin_interfaces__rosidl_typesupport_fastrtps_cpp.so /opt/ros/jazzy/lib/librosidl_typesupport_fastrtps_cpp.so /opt/ros/jazzy/lib/librmw.so /opt/ros/jazzy/lib/librosidl_dynamic_typesupport.so /opt/ros/jazzy/lib/libfastcdr.so.2.2.5 /opt/ros/jazzy/lib/libbuiltin_interfaces__rosidl_typesupport_introspection_cpp.so /opt/ros/jazzy/lib/librosidl_typesupport_introspection_cpp.so /opt/ros/jazzy/lib/librosidl_typesupport_introspection_c.so /opt/ros/jazzy/lib/libbuiltin_interfaces__rosidl_typesupport_cpp.so /opt/ros/jazzy/lib/librosidl_typesupport_cpp.so /opt/ros/jazzy/lib/libbuiltin_interfaces__rosidl_generator_py.so /opt/ros/jazzy/lib/libstd_msgs__rosidl_typesupport_c.so /opt/ros/jazzy/lib/libbuiltin_interfaces__rosidl_typesupport_c.so /opt/ros/jazzy/lib/libstd_msgs__rosidl_generator_c.so /opt/ros/jazzy/lib/libbuiltin_interfaces__rosidl_generator_c.so /opt/ros/jazzy/lib/librosidl_typesupport_c.so /opt/ros/jazzy/lib/librcpputils.so /opt/ros/jazzy/lib/librosidl_runtime_c.so /opt/ros/jazzy/lib/librcutils.so -ldl -Wl,-rpath-link,/opt/ros/jazzy/lib 
[14.536s] gmake[2]: Leaving directory '/home/elee4000/Desktop/ros2_NEW_ws/build/agitr'
[14.557s] [100%] Built target subsrcibe_positon
[14.560s] gmake[1]: Leaving directory '/home/elee4000/Desktop/ros2_NEW_ws/build/agitr'
[14.560s] /usr/bin/cmake -E cmake_progress_start /home/elee4000/Desktop/ros2_NEW_ws/build/agitr/CMakeFiles 0
[14.584s] 
[14.588s] Invoked command in '/home/elee4000/Desktop/ros2_NEW_ws/build/agitr' returned '0': CMAKE_PREFIX_PATH=${CMAKE_PREFIX_PATH}:/opt/ros/jazzy DEBUGINFOD_URLS=https://debuginfod.ubuntu.com /usr/bin/cmake --build /home/elee4000/Desktop/ros2_NEW_ws/build/agitr -- -j4 -l4
[14.624s] Invoking command in '/home/elee4000/Desktop/ros2_NEW_ws/build/agitr': CMAKE_PREFIX_PATH=${CMAKE_PREFIX_PATH}:/opt/ros/jazzy DEBUGINFOD_URLS=https://debuginfod.ubuntu.com /usr/bin/cmake --install /home/elee4000/Desktop/ros2_NEW_ws/build/agitr
[14.642s] -- Install configuration: ""
[14.643s] -- Up-to-date: /home/elee4000/Desktop/ros2_NEW_ws/install/agitr/lib/agitr/hello_world
[14.643s] -- Installing: /home/elee4000/Desktop/ros2_NEW_ws/install/agitr/lib/agitr/subsrcibe_positon
[14.668s] -- Set non-toolchain portion of runtime path of "/home/elee4000/Desktop/ros2_NEW_ws/install/agitr/lib/agitr/subsrcibe_positon" to ""
[14.668s] -- Installing: /home/elee4000/Desktop/ros2_NEW_ws/install/agitr/lib/agitr/publish_read_analog
[14.676s] -- Set non-toolchain portion of runtime path of "/home/elee4000/Desktop/ros2_NEW_ws/install/agitr/lib/agitr/publish_read_analog" to ""
[14.677s] -- Up-to-date: /home/elee4000/Desktop/ros2_NEW_ws/install/agitr/share/ament_index/resource_index/package_run_dependencies/agitr
[14.677s] -- Up-to-date: /home/elee4000/Desktop/ros2_NEW_ws/install/agitr/share/ament_index/resource_index/parent_prefix_path/agitr
[14.677s] -- Up-to-date: /home/elee4000/Desktop/ros2_NEW_ws/install/agitr/share/agitr/environment/ament_prefix_path.sh
[14.677s] -- Up-to-date: /home/elee4000/Desktop/ros2_NEW_ws/install/agitr/share/agitr/environment/ament_prefix_path.dsv
[14.677s] -- Up-to-date: /home/elee4000/Desktop/ros2_NEW_ws/install/agitr/share/agitr/environment/path.sh
[14.677s] -- Up-to-date: /home/elee4000/Desktop/ros2_NEW_ws/install/agitr/share/agitr/environment/path.dsv
[14.677s] -- Up-to-date: /home/elee4000/Desktop/ros2_NEW_ws/install/agitr/share/agitr/local_setup.bash
[14.678s] -- Up-to-date: /home/elee4000/Desktop/ros2_NEW_ws/install/agitr/share/agitr/local_setup.sh
[14.678s] -- Up-to-date: /home/elee4000/Desktop/ros2_NEW_ws/install/agitr/share/agitr/local_setup.zsh
[14.678s] -- Up-to-date: /home/elee4000/Desktop/ros2_NEW_ws/install/agitr/share/agitr/local_setup.dsv
[14.678s] -- Installing: /home/elee4000/Desktop/ros2_NEW_ws/install/agitr/share/agitr/package.dsv
[14.681s] -- Up-to-date: /home/elee4000/Desktop/ros2_NEW_ws/install/agitr/share/ament_index/resource_index/packages/agitr
[14.681s] -- Up-to-date: /home/elee4000/Desktop/ros2_NEW_ws/install/agitr/share/agitr/cmake/agitrConfig.cmake
[14.682s] -- Up-to-date: /home/elee4000/Desktop/ros2_NEW_ws/install/agitr/share/agitr/cmake/agitrConfig-version.cmake
[14.682s] -- Up-to-date: /home/elee4000/Desktop/ros2_NEW_ws/install/agitr/share/agitr/package.xml
[14.687s] Invoked command in '/home/elee4000/Desktop/ros2_NEW_ws/build/agitr' returned '0': CMAKE_PREFIX_PATH=${CMAKE_PREFIX_PATH}:/opt/ros/jazzy DEBUGINFOD_URLS=https://debuginfod.ubuntu.com /usr/bin/cmake --install /home/elee4000/Desktop/ros2_NEW_ws/build/agitr
