[0.164s] DEBUG:colcon:Command line arguments: ['/usr/bin/colcon', 'build']
[0.164s] DEBUG:colcon:Parsed command line arguments: Namespace(log_base=None, log_level=None, verb_name='build', build_base='build', install_base='install', merge_install=False, symlink_install=False, test_result_base=None, continue_on_error=False, executor='parallel', parallel_workers=4, event_handlers=None, ignore_user_meta=False, metas=['./colcon.meta'], base_paths=['.'], packages_ignore=None, packages_ignore_regex=None, paths=None, packages_up_to=None, packages_up_to_regex=None, packages_above=None, packages_above_and_dependencies=None, packages_above_depth=None, packages_select_by_dep=None, packages_skip_by_dep=None, packages_skip_up_to=None, packages_select_build_failed=False, packages_skip_build_finished=False, packages_select_test_failures=False, packages_skip_test_passed=False, packages_select=None, packages_skip=None, packages_select_regex=None, packages_skip_regex=None, packages_start=None, packages_end=None, allow_overriding=[], cmake_args=None, cmake_target=None, cmake_target_skip_unavailable=False, cmake_clean_cache=False, cmake_clean_first=False, cmake_force_configure=False, ament_cmake_args=None, catkin_cmake_args=None, catkin_skip_building_tests=False, mixin_files=None, mixin=None, verb_parser=<colcon_mixin.mixin.mixin_argument.MixinArgumentDecorator object at 0xffff8cd330e0>, verb_extension=<colcon_core.verb.build.BuildVerb object at 0xffff8ce97710>, main=<bound method BuildVerb.main of <colcon_core.verb.build.BuildVerb object at 0xffff8ce97710>>, mixin_verb=('build',))
[0.227s] Level 1:colcon.colcon_core.package_discovery:discover_packages(colcon_meta) check parameters
[0.227s] Level 1:colcon.colcon_core.package_discovery:discover_packages(recursive) check parameters
[0.227s] Level 1:colcon.colcon_core.package_discovery:discover_packages(ignore) check parameters
[0.227s] Level 1:colcon.colcon_core.package_discovery:discover_packages(path) check parameters
[0.227s] Level 1:colcon.colcon_core.package_discovery:discover_packages(colcon_meta) discover
[0.227s] Level 1:colcon.colcon_core.package_discovery:discover_packages(recursive) discover
[0.227s] INFO:colcon.colcon_core.package_discovery:Crawling recursively for packages in '/home/elee4000/Desktop/ros2_NEW_ws/src'
[0.227s] Level 1:colcon.colcon_core.package_identification:_identify(.) by extensions ['ignore', 'ignore_ament_install']
[0.227s] Level 1:colcon.colcon_core.package_identification:_identify(.) by extension 'ignore'
[0.228s] Level 1:colcon.colcon_core.package_identification:_identify(.) by extension 'ignore_ament_install'
[0.228s] Level 1:colcon.colcon_core.package_identification:_identify(.) by extensions ['colcon_pkg']
[0.228s] Level 1:colcon.colcon_core.package_identification:_identify(.) by extension 'colcon_pkg'
[0.228s] Level 1:colcon.colcon_core.package_identification:_identify(.) by extensions ['colcon_meta']
[0.228s] Level 1:colcon.colcon_core.package_identification:_identify(.) by extension 'colcon_meta'
[0.228s] Level 1:colcon.colcon_core.package_identification:_identify(.) by extensions ['ros']
[0.228s] Level 1:colcon.colcon_core.package_identification:_identify(.) by extension 'ros'
[0.274s] Level 1:colcon.colcon_core.package_identification:_identify(.) by extensions ['cmake', 'python']
[0.274s] Level 1:colcon.colcon_core.package_identification:_identify(.) by extension 'cmake'
[0.274s] Level 1:colcon.colcon_core.package_identification:_identify(.) by extension 'python'
[0.274s] Level 1:colcon.colcon_core.package_identification:_identify(.) by extensions ['python_setup_py']
[0.274s] Level 1:colcon.colcon_core.package_identification:_identify(.) by extension 'python_setup_py'
[0.275s] Level 1:colcon.colcon_core.package_identification:_identify(agitr) by extensions ['ignore', 'ignore_ament_install']
[0.275s] Level 1:colcon.colcon_core.package_identification:_identify(agitr) by extension 'ignore'
[0.275s] Level 1:colcon.colcon_core.package_identification:_identify(agitr) by extension 'ignore_ament_install'
[0.275s] Level 1:colcon.colcon_core.package_identification:_identify(agitr) by extensions ['colcon_pkg']
[0.275s] Level 1:colcon.colcon_core.package_identification:_identify(agitr) by extension 'colcon_pkg'
[0.275s] Level 1:colcon.colcon_core.package_identification:_identify(agitr) by extensions ['colcon_meta']
[0.275s] Level 1:colcon.colcon_core.package_identification:_identify(agitr) by extension 'colcon_meta'
[0.275s] Level 1:colcon.colcon_core.package_identification:_identify(agitr) by extensions ['ros']
[0.275s] Level 1:colcon.colcon_core.package_identification:_identify(agitr) by extension 'ros'
[0.280s] DEBUG:colcon.colcon_core.package_identification:Package 'agitr' with type 'ros.ament_cmake' and name 'agitr'
[0.281s] Level 1:colcon.colcon_core.package_identification:_identify(build) by extensions ['ignore', 'ignore_ament_install']
[0.281s] Level 1:colcon.colcon_core.package_identification:_identify(build) by extension 'ignore'
[0.281s] Level 1:colcon.colcon_core.package_identification:_identify(build) ignored
[0.281s] Level 1:colcon.colcon_core.package_identification:_identify(install) by extensions ['ignore', 'ignore_ament_install']
[0.281s] Level 1:colcon.colcon_core.package_identification:_identify(install) by extension 'ignore'
[0.282s] Level 1:colcon.colcon_core.package_identification:_identify(install) ignored
[0.282s] Level 1:colcon.colcon_core.package_identification:_identify(log) by extensions ['ignore', 'ignore_ament_install']
[0.282s] Level 1:colcon.colcon_core.package_identification:_identify(log) by extension 'ignore'
[0.282s] Level 1:colcon.colcon_core.package_identification:_identify(log) ignored
[0.282s] Level 1:colcon.colcon_core.package_discovery:discover_packages(recursive) using defaults
[0.282s] Level 1:colcon.colcon_core.package_discovery:discover_packages(ignore) discover
[0.282s] Level 1:colcon.colcon_core.package_discovery:discover_packages(ignore) using defaults
[0.282s] Level 1:colcon.colcon_core.package_discovery:discover_packages(path) discover
[0.282s] Level 1:colcon.colcon_core.package_discovery:discover_packages(path) using defaults
[0.313s] Level 1:colcon.colcon_core.package_discovery:discover_packages(prefix_path) check parameters
[0.313s] Level 1:colcon.colcon_core.package_discovery:discover_packages(prefix_path) discover
[0.319s] DEBUG:colcon.colcon_installed_package_information.package_discovery:Found 3 installed packages in /home/elee4000/ros2_ws/install
[0.322s] DEBUG:colcon.colcon_installed_package_information.package_discovery:Found 285 installed packages in /opt/ros/jazzy
[0.323s] Level 1:colcon.colcon_core.package_discovery:discover_packages(prefix_path) using defaults
[0.401s] Level 5:colcon.colcon_core.verb:set package 'agitr' build argument 'cmake_args' from command line to 'None'
[0.401s] Level 5:colcon.colcon_core.verb:set package 'agitr' build argument 'cmake_target' from command line to 'None'
[0.402s] Level 5:colcon.colcon_core.verb:set package 'agitr' build argument 'cmake_target_skip_unavailable' from command line to 'False'
[0.402s] Level 5:colcon.colcon_core.verb:set package 'agitr' build argument 'cmake_clean_cache' from command line to 'False'
[0.402s] Level 5:colcon.colcon_core.verb:set package 'agitr' build argument 'cmake_clean_first' from command line to 'False'
[0.402s] Level 5:colcon.colcon_core.verb:set package 'agitr' build argument 'cmake_force_configure' from command line to 'False'
[0.402s] Level 5:colcon.colcon_core.verb:set package 'agitr' build argument 'ament_cmake_args' from command line to 'None'
[0.402s] Level 5:colcon.colcon_core.verb:set package 'agitr' build argument 'catkin_cmake_args' from command line to 'None'
[0.402s] Level 5:colcon.colcon_core.verb:set package 'agitr' build argument 'catkin_skip_building_tests' from command line to 'False'
[0.402s] DEBUG:colcon.colcon_core.verb:Building package 'agitr' with the following arguments: {'ament_cmake_args': None, 'build_base': '/home/elee4000/Desktop/ros2_NEW_ws/src/build/agitr', 'catkin_cmake_args': None, 'catkin_skip_building_tests': False, 'cmake_args': None, 'cmake_clean_cache': False, 'cmake_clean_first': False, 'cmake_force_configure': False, 'cmake_target': None, 'cmake_target_skip_unavailable': False, 'install_base': '/home/elee4000/Desktop/ros2_NEW_ws/src/install/agitr', 'merge_install': False, 'path': '/home/elee4000/Desktop/ros2_NEW_ws/src/agitr', 'symlink_install': False, 'test_result_base': None}
[0.402s] INFO:colcon.colcon_core.executor:Executing jobs using 'parallel' executor
[0.404s] DEBUG:colcon.colcon_parallel_executor.executor.parallel:run_until_complete
[0.404s] INFO:colcon.colcon_ros.task.ament_cmake.build:Building ROS package in '/home/elee4000/Desktop/ros2_NEW_ws/src/agitr' with build type 'ament_cmake'
[0.405s] INFO:colcon.colcon_cmake.task.cmake.build:Building CMake package in '/home/elee4000/Desktop/ros2_NEW_ws/src/agitr'
[0.419s] INFO:colcon.colcon_core.plugin_system:Skipping extension 'colcon_core.shell.bat': Not used on non-Windows systems
[0.420s] INFO:colcon.colcon_core.shell:Skip shell extension 'powershell' for command environment: Not usable outside of PowerShell
[0.420s] DEBUG:colcon.colcon_core.shell:Skip shell extension 'dsv' for command environment
[0.435s] DEBUG:colcon.colcon_core.event_handler.log_command:Invoking command in '/home/elee4000/Desktop/ros2_NEW_ws/src/build/agitr': CMAKE_PREFIX_PATH=${CMAKE_PREFIX_PATH}:/opt/ros/jazzy DEBUGINFOD_URLS=https://debuginfod.ubuntu.com /usr/bin/cmake /home/elee4000/Desktop/ros2_NEW_ws/src/agitr -DCMAKE_INSTALL_PREFIX=/home/elee4000/Desktop/ros2_NEW_ws/src/install/agitr
[2.720s] DEBUG:colcon.colcon_core.event_handler.log_command:Invoked command in '/home/elee4000/Desktop/ros2_NEW_ws/src/build/agitr' returned '0': CMAKE_PREFIX_PATH=${CMAKE_PREFIX_PATH}:/opt/ros/jazzy DEBUGINFOD_URLS=https://debuginfod.ubuntu.com /usr/bin/cmake /home/elee4000/Desktop/ros2_NEW_ws/src/agitr -DCMAKE_INSTALL_PREFIX=/home/elee4000/Desktop/ros2_NEW_ws/src/install/agitr
[2.721s] DEBUG:colcon.colcon_core.event_handler.log_command:Invoking command in '/home/elee4000/Desktop/ros2_NEW_ws/src/build/agitr': CMAKE_PREFIX_PATH=${CMAKE_PREFIX_PATH}:/opt/ros/jazzy DEBUGINFOD_URLS=https://debuginfod.ubuntu.com /usr/bin/cmake --build /home/elee4000/Desktop/ros2_NEW_ws/src/build/agitr -- -j4 -l4
[2.813s] DEBUG:colcon.colcon_core.event_handler.log_command:Invoked command in '/home/elee4000/Desktop/ros2_NEW_ws/src/build/agitr' returned '0': CMAKE_PREFIX_PATH=${CMAKE_PREFIX_PATH}:/opt/ros/jazzy DEBUGINFOD_URLS=https://debuginfod.ubuntu.com /usr/bin/cmake --build /home/elee4000/Desktop/ros2_NEW_ws/src/build/agitr -- -j4 -l4
[2.844s] DEBUG:colcon.colcon_core.event_handler.log_command:Invoking command in '/home/elee4000/Desktop/ros2_NEW_ws/src/build/agitr': CMAKE_PREFIX_PATH=${CMAKE_PREFIX_PATH}:/opt/ros/jazzy DEBUGINFOD_URLS=https://debuginfod.ubuntu.com /usr/bin/cmake --install /home/elee4000/Desktop/ros2_NEW_ws/src/build/agitr
[2.881s] Level 1:colcon.colcon_core.environment:create_environment_scripts_only(agitr)
[2.886s] DEBUG:colcon.colcon_core.event_handler.log_command:Invoked command in '/home/elee4000/Desktop/ros2_NEW_ws/src/build/agitr' returned '0': CMAKE_PREFIX_PATH=${CMAKE_PREFIX_PATH}:/opt/ros/jazzy DEBUGINFOD_URLS=https://debuginfod.ubuntu.com /usr/bin/cmake --install /home/elee4000/Desktop/ros2_NEW_ws/src/build/agitr
[2.900s] Level 1:colcon.colcon_core.environment:checking '/home/elee4000/Desktop/ros2_NEW_ws/src/install/agitr' for CMake module files
[2.901s] Level 1:colcon.colcon_core.environment:checking '/home/elee4000/Desktop/ros2_NEW_ws/src/install/agitr' for CMake config files
[2.901s] Level 1:colcon.colcon_core.shell:create_environment_hook('agitr', 'cmake_prefix_path')
[2.902s] INFO:colcon.colcon_core.shell:Creating environment hook '/home/elee4000/Desktop/ros2_NEW_ws/src/install/agitr/share/agitr/hook/cmake_prefix_path.ps1'
[2.904s] INFO:colcon.colcon_core.shell:Creating environment descriptor '/home/elee4000/Desktop/ros2_NEW_ws/src/install/agitr/share/agitr/hook/cmake_prefix_path.dsv'
[2.907s] INFO:colcon.colcon_core.shell:Creating environment hook '/home/elee4000/Desktop/ros2_NEW_ws/src/install/agitr/share/agitr/hook/cmake_prefix_path.sh'
[2.910s] Level 1:colcon.colcon_core.environment:checking '/home/elee4000/Desktop/ros2_NEW_ws/src/install/agitr/bin'
[2.910s] Level 1:colcon.colcon_core.environment:checking '/home/elee4000/Desktop/ros2_NEW_ws/src/install/agitr/lib/pkgconfig/agitr.pc'
[2.911s] Level 1:colcon.colcon_core.environment:checking '/home/elee4000/Desktop/ros2_NEW_ws/src/install/agitr/lib/python3.12/site-packages'
[2.912s] Level 1:colcon.colcon_core.environment:checking '/home/elee4000/Desktop/ros2_NEW_ws/src/install/agitr/bin'
[2.913s] INFO:colcon.colcon_core.shell:Creating package script '/home/elee4000/Desktop/ros2_NEW_ws/src/install/agitr/share/agitr/package.ps1'
[2.917s] INFO:colcon.colcon_core.shell:Creating package descriptor '/home/elee4000/Desktop/ros2_NEW_ws/src/install/agitr/share/agitr/package.dsv'
[2.921s] INFO:colcon.colcon_core.shell:Creating package script '/home/elee4000/Desktop/ros2_NEW_ws/src/install/agitr/share/agitr/package.sh'
[2.929s] INFO:colcon.colcon_core.shell:Creating package script '/home/elee4000/Desktop/ros2_NEW_ws/src/install/agitr/share/agitr/package.bash'
[2.932s] INFO:colcon.colcon_core.shell:Creating package script '/home/elee4000/Desktop/ros2_NEW_ws/src/install/agitr/share/agitr/package.zsh'
[2.935s] Level 1:colcon.colcon_core.environment:create_file_with_runtime_dependencies(/home/elee4000/Desktop/ros2_NEW_ws/src/install/agitr/share/colcon-core/packages/agitr)
[2.936s] Level 1:colcon.colcon_core.environment:create_environment_scripts_only(agitr)
[2.937s] Level 1:colcon.colcon_core.environment:checking '/home/elee4000/Desktop/ros2_NEW_ws/src/install/agitr' for CMake module files
[2.938s] Level 1:colcon.colcon_core.environment:checking '/home/elee4000/Desktop/ros2_NEW_ws/src/install/agitr' for CMake config files
[2.939s] Level 1:colcon.colcon_core.shell:create_environment_hook('agitr', 'cmake_prefix_path')
[2.939s] INFO:colcon.colcon_core.shell:Creating environment hook '/home/elee4000/Desktop/ros2_NEW_ws/src/install/agitr/share/agitr/hook/cmake_prefix_path.ps1'
[2.941s] INFO:colcon.colcon_core.shell:Creating environment descriptor '/home/elee4000/Desktop/ros2_NEW_ws/src/install/agitr/share/agitr/hook/cmake_prefix_path.dsv'
[2.943s] INFO:colcon.colcon_core.shell:Creating environment hook '/home/elee4000/Desktop/ros2_NEW_ws/src/install/agitr/share/agitr/hook/cmake_prefix_path.sh'
[2.945s] Level 1:colcon.colcon_core.environment:checking '/home/elee4000/Desktop/ros2_NEW_ws/src/install/agitr/bin'
[2.945s] Level 1:colcon.colcon_core.environment:checking '/home/elee4000/Desktop/ros2_NEW_ws/src/install/agitr/lib/pkgconfig/agitr.pc'
[2.945s] Level 1:colcon.colcon_core.environment:checking '/home/elee4000/Desktop/ros2_NEW_ws/src/install/agitr/lib/python3.12/site-packages'
[2.946s] Level 1:colcon.colcon_core.environment:checking '/home/elee4000/Desktop/ros2_NEW_ws/src/install/agitr/bin'
[2.946s] INFO:colcon.colcon_core.shell:Creating package script '/home/elee4000/Desktop/ros2_NEW_ws/src/install/agitr/share/agitr/package.ps1'
[2.948s] INFO:colcon.colcon_core.shell:Creating package descriptor '/home/elee4000/Desktop/ros2_NEW_ws/src/install/agitr/share/agitr/package.dsv'
[2.956s] INFO:colcon.colcon_core.shell:Creating package script '/home/elee4000/Desktop/ros2_NEW_ws/src/install/agitr/share/agitr/package.sh'
[2.957s] INFO:colcon.colcon_core.shell:Creating package script '/home/elee4000/Desktop/ros2_NEW_ws/src/install/agitr/share/agitr/package.bash'
[2.958s] INFO:colcon.colcon_core.shell:Creating package script '/home/elee4000/Desktop/ros2_NEW_ws/src/install/agitr/share/agitr/package.zsh'
[2.963s] Level 1:colcon.colcon_core.environment:create_file_with_runtime_dependencies(/home/elee4000/Desktop/ros2_NEW_ws/src/install/agitr/share/colcon-core/packages/agitr)
[2.964s] DEBUG:colcon.colcon_parallel_executor.executor.parallel:closing loop
[2.964s] DEBUG:colcon.colcon_parallel_executor.executor.parallel:loop closed
[2.964s] DEBUG:colcon.colcon_parallel_executor.executor.parallel:run_until_complete finished with '0'
[2.964s] DEBUG:colcon.colcon_core.event_reactor:joining thread
[2.998s] INFO:colcon.colcon_core.plugin_system:Skipping extension 'colcon_notification.desktop_notification.terminal_notifier': Not used on non-Darwin systems
[2.998s] INFO:colcon.colcon_core.plugin_system:Skipping extension 'colcon_notification.desktop_notification.win32': Not used on non-Windows systems
[2.998s] INFO:colcon.colcon_notification.desktop_notification:Sending desktop notification using 'notify2'
[3.052s] DEBUG:colcon.colcon_core.event_reactor:joined thread
[3.053s] INFO:colcon.colcon_core.shell:Creating prefix script '/home/elee4000/Desktop/ros2_NEW_ws/src/install/local_setup.ps1'
[3.058s] INFO:colcon.colcon_core.shell:Creating prefix util module '/home/elee4000/Desktop/ros2_NEW_ws/src/install/_local_setup_util_ps1.py'
[3.063s] INFO:colcon.colcon_core.shell:Creating prefix chain script '/home/elee4000/Desktop/ros2_NEW_ws/src/install/setup.ps1'
[3.067s] INFO:colcon.colcon_core.shell:Creating prefix script '/home/elee4000/Desktop/ros2_NEW_ws/src/install/local_setup.sh'
[3.069s] INFO:colcon.colcon_core.shell:Creating prefix util module '/home/elee4000/Desktop/ros2_NEW_ws/src/install/_local_setup_util_sh.py'
[3.071s] INFO:colcon.colcon_core.shell:Creating prefix chain script '/home/elee4000/Desktop/ros2_NEW_ws/src/install/setup.sh'
[3.074s] INFO:colcon.colcon_core.shell:Creating prefix script '/home/elee4000/Desktop/ros2_NEW_ws/src/install/local_setup.bash'
[3.076s] INFO:colcon.colcon_core.shell:Creating prefix chain script '/home/elee4000/Desktop/ros2_NEW_ws/src/install/setup.bash'
[3.079s] INFO:colcon.colcon_core.shell:Creating prefix script '/home/elee4000/Desktop/ros2_NEW_ws/src/install/local_setup.zsh'
[3.081s] INFO:colcon.colcon_core.shell:Creating prefix chain script '/home/elee4000/Desktop/ros2_NEW_ws/src/install/setup.zsh'
