[0.582s] DEBUG:colcon:Command line arguments: ['/usr/bin/colcon', 'build']
[0.582s] DEBUG:colcon:Parsed command line arguments: Namespace(log_base=None, log_level=None, verb_name='build', build_base='build', install_base='install', merge_install=False, symlink_install=False, test_result_base=None, continue_on_error=False, executor='parallel', parallel_workers=4, event_handlers=None, ignore_user_meta=False, metas=['./colcon.meta'], base_paths=['.'], packages_ignore=None, packages_ignore_regex=None, paths=None, packages_up_to=None, packages_up_to_regex=None, packages_above=None, packages_above_and_dependencies=None, packages_above_depth=None, packages_select_by_dep=None, packages_skip_by_dep=None, packages_skip_up_to=None, packages_select_build_failed=False, packages_skip_build_finished=False, packages_select_test_failures=False, packages_skip_test_passed=False, packages_select=None, packages_skip=None, packages_select_regex=None, packages_skip_regex=None, packages_start=None, packages_end=None, allow_overriding=[], cmake_args=None, cmake_target=None, cmake_target_skip_unavailable=False, cmake_clean_cache=False, cmake_clean_first=False, cmake_force_configure=False, ament_cmake_args=None, catkin_cmake_args=None, catkin_skip_building_tests=False, mixin_files=None, mixin=None, verb_parser=<colcon_mixin.mixin.mixin_argument.MixinArgumentDecorator object at 0xffffa3856f60>, verb_extension=<colcon_core.verb.build.BuildVerb object at 0xffffa3a077a0>, main=<bound method BuildVerb.main of <colcon_core.verb.build.BuildVerb object at 0xffffa3a077a0>>, mixin_verb=('build',))
[0.769s] Level 1:colcon.colcon_core.package_discovery:discover_packages(colcon_meta) check parameters
[0.769s] Level 1:colcon.colcon_core.package_discovery:discover_packages(recursive) check parameters
[0.770s] Level 1:colcon.colcon_core.package_discovery:discover_packages(ignore) check parameters
[0.770s] Level 1:colcon.colcon_core.package_discovery:discover_packages(path) check parameters
[0.770s] Level 1:colcon.colcon_core.package_discovery:discover_packages(colcon_meta) discover
[0.770s] Level 1:colcon.colcon_core.package_discovery:discover_packages(recursive) discover
[0.770s] INFO:colcon.colcon_core.package_discovery:Crawling recursively for packages in '/home/elee4000/Desktop/ros2_NEW_ws'
[0.770s] Level 1:colcon.colcon_core.package_identification:_identify(.) by extensions ['ignore', 'ignore_ament_install']
[0.771s] Level 1:colcon.colcon_core.package_identification:_identify(.) by extension 'ignore'
[0.771s] Level 1:colcon.colcon_core.package_identification:_identify(.) by extension 'ignore_ament_install'
[0.771s] Level 1:colcon.colcon_core.package_identification:_identify(.) by extensions ['colcon_pkg']
[0.771s] Level 1:colcon.colcon_core.package_identification:_identify(.) by extension 'colcon_pkg'
[0.772s] Level 1:colcon.colcon_core.package_identification:_identify(.) by extensions ['colcon_meta']
[0.772s] Level 1:colcon.colcon_core.package_identification:_identify(.) by extension 'colcon_meta'
[0.772s] Level 1:colcon.colcon_core.package_identification:_identify(.) by extensions ['ros']
[0.772s] Level 1:colcon.colcon_core.package_identification:_identify(.) by extension 'ros'
[0.870s] Level 1:colcon.colcon_core.package_identification:_identify(.) by extensions ['cmake', 'python']
[0.871s] Level 1:colcon.colcon_core.package_identification:_identify(.) by extension 'cmake'
[0.871s] Level 1:colcon.colcon_core.package_identification:_identify(.) by extension 'python'
[0.871s] Level 1:colcon.colcon_core.package_identification:_identify(.) by extensions ['python_setup_py']
[0.871s] Level 1:colcon.colcon_core.package_identification:_identify(.) by extension 'python_setup_py'
[0.872s] Level 1:colcon.colcon_core.package_identification:_identify(build) by extensions ['ignore', 'ignore_ament_install']
[0.872s] Level 1:colcon.colcon_core.package_identification:_identify(build) by extension 'ignore'
[0.873s] Level 1:colcon.colcon_core.package_identification:_identify(build) ignored
[0.873s] Level 1:colcon.colcon_core.package_identification:_identify(install) by extensions ['ignore', 'ignore_ament_install']
[0.873s] Level 1:colcon.colcon_core.package_identification:_identify(install) by extension 'ignore'
[0.873s] Level 1:colcon.colcon_core.package_identification:_identify(install) ignored
[0.874s] Level 1:colcon.colcon_core.package_identification:_identify(log) by extensions ['ignore', 'ignore_ament_install']
[0.874s] Level 1:colcon.colcon_core.package_identification:_identify(log) by extension 'ignore'
[0.874s] Level 1:colcon.colcon_core.package_identification:_identify(log) ignored
[0.874s] Level 1:colcon.colcon_core.package_identification:_identify(src) by extensions ['ignore', 'ignore_ament_install']
[0.874s] Level 1:colcon.colcon_core.package_identification:_identify(src) by extension 'ignore'
[0.874s] Level 1:colcon.colcon_core.package_identification:_identify(src) by extension 'ignore_ament_install'
[0.874s] Level 1:colcon.colcon_core.package_identification:_identify(src) by extensions ['colcon_pkg']
[0.875s] Level 1:colcon.colcon_core.package_identification:_identify(src) by extension 'colcon_pkg'
[0.875s] Level 1:colcon.colcon_core.package_identification:_identify(src) by extensions ['colcon_meta']
[0.875s] Level 1:colcon.colcon_core.package_identification:_identify(src) by extension 'colcon_meta'
[0.875s] Level 1:colcon.colcon_core.package_identification:_identify(src) by extensions ['ros']
[0.875s] Level 1:colcon.colcon_core.package_identification:_identify(src) by extension 'ros'
[0.875s] Level 1:colcon.colcon_core.package_identification:_identify(src) by extensions ['cmake', 'python']
[0.875s] Level 1:colcon.colcon_core.package_identification:_identify(src) by extension 'cmake'
[0.875s] Level 1:colcon.colcon_core.package_identification:_identify(src) by extension 'python'
[0.876s] Level 1:colcon.colcon_core.package_identification:_identify(src) by extensions ['python_setup_py']
[0.876s] Level 1:colcon.colcon_core.package_identification:_identify(src) by extension 'python_setup_py'
[0.876s] Level 1:colcon.colcon_core.package_identification:_identify(src/agitr) by extensions ['ignore', 'ignore_ament_install']
[0.876s] Level 1:colcon.colcon_core.package_identification:_identify(src/agitr) by extension 'ignore'
[0.876s] Level 1:colcon.colcon_core.package_identification:_identify(src/agitr) by extension 'ignore_ament_install'
[0.876s] Level 1:colcon.colcon_core.package_identification:_identify(src/agitr) by extensions ['colcon_pkg']
[0.876s] Level 1:colcon.colcon_core.package_identification:_identify(src/agitr) by extension 'colcon_pkg'
[0.876s] Level 1:colcon.colcon_core.package_identification:_identify(src/agitr) by extensions ['colcon_meta']
[0.876s] Level 1:colcon.colcon_core.package_identification:_identify(src/agitr) by extension 'colcon_meta'
[0.876s] Level 1:colcon.colcon_core.package_identification:_identify(src/agitr) by extensions ['ros']
[0.876s] Level 1:colcon.colcon_core.package_identification:_identify(src/agitr) by extension 'ros'
[0.885s] DEBUG:colcon.colcon_core.package_identification:Package 'src/agitr' with type 'ros.ament_cmake' and name 'agitr'
[0.886s] Level 1:colcon.colcon_core.package_identification:_identify(src/build) by extensions ['ignore', 'ignore_ament_install']
[0.887s] Level 1:colcon.colcon_core.package_identification:_identify(src/build) by extension 'ignore'
[0.887s] Level 1:colcon.colcon_core.package_identification:_identify(src/build) ignored
[0.888s] Level 1:colcon.colcon_core.package_identification:_identify(src/install) by extensions ['ignore', 'ignore_ament_install']
[0.889s] Level 1:colcon.colcon_core.package_identification:_identify(src/install) by extension 'ignore'
[0.889s] Level 1:colcon.colcon_core.package_identification:_identify(src/install) ignored
[0.891s] Level 1:colcon.colcon_core.package_identification:_identify(src/log) by extensions ['ignore', 'ignore_ament_install']
[0.891s] Level 1:colcon.colcon_core.package_identification:_identify(src/log) by extension 'ignore'
[0.891s] Level 1:colcon.colcon_core.package_identification:_identify(src/log) ignored
[0.891s] Level 1:colcon.colcon_core.package_discovery:discover_packages(recursive) using defaults
[0.891s] Level 1:colcon.colcon_core.package_discovery:discover_packages(ignore) discover
[0.892s] Level 1:colcon.colcon_core.package_discovery:discover_packages(ignore) using defaults
[0.892s] Level 1:colcon.colcon_core.package_discovery:discover_packages(path) discover
[0.892s] Level 1:colcon.colcon_core.package_discovery:discover_packages(path) using defaults
[0.969s] Level 1:colcon.colcon_core.package_discovery:discover_packages(prefix_path) check parameters
[0.969s] Level 1:colcon.colcon_core.package_discovery:discover_packages(prefix_path) discover
[0.991s] DEBUG:colcon.colcon_installed_package_information.package_discovery:Found 1 installed packages in /home/elee4000/Desktop/ros2_NEW_ws/install
[0.993s] DEBUG:colcon.colcon_installed_package_information.package_discovery:Found 1 installed packages in /home/elee4000/Desktop/ros2_NEW_ws/src/install
[0.996s] DEBUG:colcon.colcon_installed_package_information.package_discovery:Found 3 installed packages in /home/elee4000/ros2_ws/install
[1.006s] DEBUG:colcon.colcon_installed_package_information.package_discovery:Found 285 installed packages in /opt/ros/jazzy
[1.008s] Level 1:colcon.colcon_core.package_discovery:discover_packages(prefix_path) using defaults
[1.222s] Level 5:colcon.colcon_core.verb:set package 'agitr' build argument 'cmake_args' from command line to 'None'
[1.222s] Level 5:colcon.colcon_core.verb:set package 'agitr' build argument 'cmake_target' from command line to 'None'
[1.222s] Level 5:colcon.colcon_core.verb:set package 'agitr' build argument 'cmake_target_skip_unavailable' from command line to 'False'
[1.222s] Level 5:colcon.colcon_core.verb:set package 'agitr' build argument 'cmake_clean_cache' from command line to 'False'
[1.222s] Level 5:colcon.colcon_core.verb:set package 'agitr' build argument 'cmake_clean_first' from command line to 'False'
[1.223s] Level 5:colcon.colcon_core.verb:set package 'agitr' build argument 'cmake_force_configure' from command line to 'False'
[1.223s] Level 5:colcon.colcon_core.verb:set package 'agitr' build argument 'ament_cmake_args' from command line to 'None'
[1.223s] Level 5:colcon.colcon_core.verb:set package 'agitr' build argument 'catkin_cmake_args' from command line to 'None'
[1.223s] Level 5:colcon.colcon_core.verb:set package 'agitr' build argument 'catkin_skip_building_tests' from command line to 'False'
[1.223s] DEBUG:colcon.colcon_core.verb:Building package 'agitr' with the following arguments: {'ament_cmake_args': None, 'build_base': '/home/elee4000/Desktop/ros2_NEW_ws/build/agitr', 'catkin_cmake_args': None, 'catkin_skip_building_tests': False, 'cmake_args': None, 'cmake_clean_cache': False, 'cmake_clean_first': False, 'cmake_force_configure': False, 'cmake_target': None, 'cmake_target_skip_unavailable': False, 'install_base': '/home/elee4000/Desktop/ros2_NEW_ws/install/agitr', 'merge_install': False, 'path': '/home/elee4000/Desktop/ros2_NEW_ws/src/agitr', 'symlink_install': False, 'test_result_base': None}
[1.223s] INFO:colcon.colcon_core.executor:Executing jobs using 'parallel' executor
[1.226s] DEBUG:colcon.colcon_parallel_executor.executor.parallel:run_until_complete
[1.227s] INFO:colcon.colcon_ros.task.ament_cmake.build:Building ROS package in '/home/elee4000/Desktop/ros2_NEW_ws/src/agitr' with build type 'ament_cmake'
[1.228s] INFO:colcon.colcon_cmake.task.cmake.build:Building CMake package in '/home/elee4000/Desktop/ros2_NEW_ws/src/agitr'
[1.246s] INFO:colcon.colcon_core.plugin_system:Skipping extension 'colcon_core.shell.bat': Not used on non-Windows systems
[1.247s] INFO:colcon.colcon_core.shell:Skip shell extension 'powershell' for command environment: Not usable outside of PowerShell
[1.247s] DEBUG:colcon.colcon_core.shell:Skip shell extension 'dsv' for command environment
[1.280s] DEBUG:colcon.colcon_core.event_handler.log_command:Invoking command in '/home/elee4000/Desktop/ros2_NEW_ws/build/agitr': CMAKE_PREFIX_PATH=${CMAKE_PREFIX_PATH}:/opt/ros/jazzy DEBUGINFOD_URLS=https://debuginfod.ubuntu.com /usr/bin/cmake --build /home/elee4000/Desktop/ros2_NEW_ws/build/agitr -- -j4 -l4
[5.606s] DEBUG:colcon.colcon_core.event_handler.log_command:Invoked command in '/home/elee4000/Desktop/ros2_NEW_ws/build/agitr' returned '0': CMAKE_PREFIX_PATH=${CMAKE_PREFIX_PATH}:/opt/ros/jazzy DEBUGINFOD_URLS=https://debuginfod.ubuntu.com /usr/bin/cmake --build /home/elee4000/Desktop/ros2_NEW_ws/build/agitr -- -j4 -l4
[5.676s] DEBUG:colcon.colcon_core.event_handler.log_command:Invoking command in '/home/elee4000/Desktop/ros2_NEW_ws/build/agitr': CMAKE_PREFIX_PATH=${CMAKE_PREFIX_PATH}:/opt/ros/jazzy DEBUGINFOD_URLS=https://debuginfod.ubuntu.com /usr/bin/cmake --install /home/elee4000/Desktop/ros2_NEW_ws/build/agitr
[5.912s] Level 1:colcon.colcon_core.environment:create_environment_scripts_only(agitr)
[5.914s] DEBUG:colcon.colcon_core.event_handler.log_command:Invoked command in '/home/elee4000/Desktop/ros2_NEW_ws/build/agitr' returned '0': CMAKE_PREFIX_PATH=${CMAKE_PREFIX_PATH}:/opt/ros/jazzy DEBUGINFOD_URLS=https://debuginfod.ubuntu.com /usr/bin/cmake --install /home/elee4000/Desktop/ros2_NEW_ws/build/agitr
[6.180s] Level 1:colcon.colcon_core.environment:checking '/home/elee4000/Desktop/ros2_NEW_ws/install/agitr' for CMake module files
[6.208s] Level 1:colcon.colcon_core.environment:checking '/home/elee4000/Desktop/ros2_NEW_ws/install/agitr' for CMake config files
[6.239s] Level 1:colcon.colcon_core.shell:create_environment_hook('agitr', 'cmake_prefix_path')
[6.241s] INFO:colcon.colcon_core.shell:Creating environment hook '/home/elee4000/Desktop/ros2_NEW_ws/install/agitr/share/agitr/hook/cmake_prefix_path.ps1'
[6.267s] INFO:colcon.colcon_core.shell:Creating environment descriptor '/home/elee4000/Desktop/ros2_NEW_ws/install/agitr/share/agitr/hook/cmake_prefix_path.dsv'
[6.284s] INFO:colcon.colcon_core.shell:Creating environment hook '/home/elee4000/Desktop/ros2_NEW_ws/install/agitr/share/agitr/hook/cmake_prefix_path.sh'
[6.305s] Level 1:colcon.colcon_core.environment:checking '/home/elee4000/Desktop/ros2_NEW_ws/install/agitr/lib'
[6.307s] Level 1:colcon.colcon_core.environment:checking '/home/elee4000/Desktop/ros2_NEW_ws/install/agitr/bin'
[6.308s] Level 1:colcon.colcon_core.environment:checking '/home/elee4000/Desktop/ros2_NEW_ws/install/agitr/lib/pkgconfig/agitr.pc'
[6.308s] Level 1:colcon.colcon_core.environment:checking '/home/elee4000/Desktop/ros2_NEW_ws/install/agitr/lib/python3.12/site-packages'
[6.311s] Level 1:colcon.colcon_core.environment:checking '/home/elee4000/Desktop/ros2_NEW_ws/install/agitr/bin'
[6.312s] INFO:colcon.colcon_core.shell:Creating package script '/home/elee4000/Desktop/ros2_NEW_ws/install/agitr/share/agitr/package.ps1'
[6.347s] INFO:colcon.colcon_core.shell:Creating package descriptor '/home/elee4000/Desktop/ros2_NEW_ws/install/agitr/share/agitr/package.dsv'
[6.448s] INFO:colcon.colcon_core.shell:Creating package script '/home/elee4000/Desktop/ros2_NEW_ws/install/agitr/share/agitr/package.sh'
[6.450s] INFO:colcon.colcon_core.shell:Creating package script '/home/elee4000/Desktop/ros2_NEW_ws/install/agitr/share/agitr/package.bash'
[6.466s] INFO:colcon.colcon_core.shell:Creating package script '/home/elee4000/Desktop/ros2_NEW_ws/install/agitr/share/agitr/package.zsh'
[6.485s] Level 1:colcon.colcon_core.environment:create_file_with_runtime_dependencies(/home/elee4000/Desktop/ros2_NEW_ws/install/agitr/share/colcon-core/packages/agitr)
[6.486s] Level 1:colcon.colcon_core.environment:create_environment_scripts_only(agitr)
[6.487s] Level 1:colcon.colcon_core.environment:checking '/home/elee4000/Desktop/ros2_NEW_ws/install/agitr' for CMake module files
[6.488s] Level 1:colcon.colcon_core.environment:checking '/home/elee4000/Desktop/ros2_NEW_ws/install/agitr' for CMake config files
[6.489s] Level 1:colcon.colcon_core.shell:create_environment_hook('agitr', 'cmake_prefix_path')
[6.490s] INFO:colcon.colcon_core.shell:Creating environment hook '/home/elee4000/Desktop/ros2_NEW_ws/install/agitr/share/agitr/hook/cmake_prefix_path.ps1'
[6.491s] INFO:colcon.colcon_core.shell:Creating environment descriptor '/home/elee4000/Desktop/ros2_NEW_ws/install/agitr/share/agitr/hook/cmake_prefix_path.dsv'
[6.491s] INFO:colcon.colcon_core.shell:Creating environment hook '/home/elee4000/Desktop/ros2_NEW_ws/install/agitr/share/agitr/hook/cmake_prefix_path.sh'
[6.493s] Level 1:colcon.colcon_core.environment:checking '/home/elee4000/Desktop/ros2_NEW_ws/install/agitr/lib'
[6.493s] Level 1:colcon.colcon_core.environment:checking '/home/elee4000/Desktop/ros2_NEW_ws/install/agitr/bin'
[6.493s] Level 1:colcon.colcon_core.environment:checking '/home/elee4000/Desktop/ros2_NEW_ws/install/agitr/lib/pkgconfig/agitr.pc'
[6.493s] Level 1:colcon.colcon_core.environment:checking '/home/elee4000/Desktop/ros2_NEW_ws/install/agitr/lib/python3.12/site-packages'
[6.494s] Level 1:colcon.colcon_core.environment:checking '/home/elee4000/Desktop/ros2_NEW_ws/install/agitr/bin'
[6.494s] INFO:colcon.colcon_core.shell:Creating package script '/home/elee4000/Desktop/ros2_NEW_ws/install/agitr/share/agitr/package.ps1'
[6.495s] INFO:colcon.colcon_core.shell:Creating package descriptor '/home/elee4000/Desktop/ros2_NEW_ws/install/agitr/share/agitr/package.dsv'
[6.496s] INFO:colcon.colcon_core.shell:Creating package script '/home/elee4000/Desktop/ros2_NEW_ws/install/agitr/share/agitr/package.sh'
[6.497s] INFO:colcon.colcon_core.shell:Creating package script '/home/elee4000/Desktop/ros2_NEW_ws/install/agitr/share/agitr/package.bash'
[6.498s] INFO:colcon.colcon_core.shell:Creating package script '/home/elee4000/Desktop/ros2_NEW_ws/install/agitr/share/agitr/package.zsh'
[6.500s] Level 1:colcon.colcon_core.environment:create_file_with_runtime_dependencies(/home/elee4000/Desktop/ros2_NEW_ws/install/agitr/share/colcon-core/packages/agitr)
[6.501s] DEBUG:colcon.colcon_parallel_executor.executor.parallel:closing loop
[6.502s] DEBUG:colcon.colcon_parallel_executor.executor.parallel:loop closed
[6.502s] DEBUG:colcon.colcon_parallel_executor.executor.parallel:run_until_complete finished with '0'
[6.502s] DEBUG:colcon.colcon_core.event_reactor:joining thread
[6.868s] INFO:colcon.colcon_core.plugin_system:Skipping extension 'colcon_notification.desktop_notification.terminal_notifier': Not used on non-Darwin systems
[6.868s] INFO:colcon.colcon_core.plugin_system:Skipping extension 'colcon_notification.desktop_notification.win32': Not used on non-Windows systems
[6.869s] INFO:colcon.colcon_notification.desktop_notification:Sending desktop notification using 'notify2'
[6.901s] DEBUG:colcon.colcon_core.event_reactor:joined thread
[6.901s] INFO:colcon.colcon_core.shell:Creating prefix script '/home/elee4000/Desktop/ros2_NEW_ws/install/local_setup.ps1'
[6.943s] INFO:colcon.colcon_core.shell:Creating prefix util module '/home/elee4000/Desktop/ros2_NEW_ws/install/_local_setup_util_ps1.py'
[6.947s] INFO:colcon.colcon_core.shell:Creating prefix chain script '/home/elee4000/Desktop/ros2_NEW_ws/install/setup.ps1'
[6.970s] INFO:colcon.colcon_core.shell:Creating prefix script '/home/elee4000/Desktop/ros2_NEW_ws/install/local_setup.sh'
[7.067s] INFO:colcon.colcon_core.shell:Creating prefix util module '/home/elee4000/Desktop/ros2_NEW_ws/install/_local_setup_util_sh.py'
[7.069s] INFO:colcon.colcon_core.shell:Creating prefix chain script '/home/elee4000/Desktop/ros2_NEW_ws/install/setup.sh'
[7.082s] INFO:colcon.colcon_core.shell:Creating prefix script '/home/elee4000/Desktop/ros2_NEW_ws/install/local_setup.bash'
[7.178s] INFO:colcon.colcon_core.shell:Creating prefix chain script '/home/elee4000/Desktop/ros2_NEW_ws/install/setup.bash'
[7.328s] INFO:colcon.colcon_core.shell:Creating prefix script '/home/elee4000/Desktop/ros2_NEW_ws/install/local_setup.zsh'
[7.351s] INFO:colcon.colcon_core.shell:Creating prefix chain script '/home/elee4000/Desktop/ros2_NEW_ws/install/setup.zsh'
