-- The C compiler identification is GNU 13.3.0
-- The CXX compiler identification is GNU 13.3.0
-- Detecting C compiler ABI info
-- Detecting C compiler ABI info - done
-- Check for working C compiler: /usr/bin/cc - skipped
-- Detecting C compile features
-- Detecting C compile features - done
-- Detecting CXX compiler ABI info
-- Detecting CXX compiler ABI info - done
-- Check for working CXX compiler: /usr/bin/c++ - skipped
-- Detecting CXX compile features
-- Detecting CXX compile features - done
-- Found ament_cmake: 2.5.3 (/opt/ros/jazzy/share/ament_cmake/cmake)
-- Found Python3: /usr/bin/python3 (found version "3.12.3") found components: Interpreter 
-- Found ament_lint_auto: 0.17.1 (/opt/ros/jazzy/share/ament_lint_auto/cmake)
-- Added test 'lint_cmake' to check CMake code style
-- Added test 'xmllint' to check XML markup files
-- Configuring done (2.2s)
-- Generating done (0.0s)
-- Build files have been written to: /home/elee4000/Desktop/ros2_NEW_ws/src/build/agitr
-- Install configuration: ""
-- Installing: /home/elee4000/Desktop/ros2_NEW_ws/src/install/agitr/share/ament_index/resource_index/package_run_dependencies/agitr
-- Installing: /home/elee4000/Desktop/ros2_NEW_ws/src/install/agitr/share/ament_index/resource_index/parent_prefix_path/agitr
-- Installing: /home/elee4000/Desktop/ros2_NEW_ws/src/install/agitr/share/agitr/environment/ament_prefix_path.sh
-- Installing: /home/elee4000/Desktop/ros2_NEW_ws/src/install/agitr/share/agitr/environment/ament_prefix_path.dsv
-- Installing: /home/elee4000/Desktop/ros2_NEW_ws/src/install/agitr/share/agitr/environment/path.sh
-- Installing: /home/elee4000/Desktop/ros2_NEW_ws/src/install/agitr/share/agitr/environment/path.dsv
-- Installing: /home/elee4000/Desktop/ros2_NEW_ws/src/install/agitr/share/agitr/local_setup.bash
-- Installing: /home/elee4000/Desktop/ros2_NEW_ws/src/install/agitr/share/agitr/local_setup.sh
-- Installing: /home/elee4000/Desktop/ros2_NEW_ws/src/install/agitr/share/agitr/local_setup.zsh
-- Installing: /home/elee4000/Desktop/ros2_NEW_ws/src/install/agitr/share/agitr/local_setup.dsv
-- Installing: /home/elee4000/Desktop/ros2_NEW_ws/src/install/agitr/share/agitr/package.dsv
-- Installing: /home/elee4000/Desktop/ros2_NEW_ws/src/install/agitr/share/ament_index/resource_index/packages/agitr
-- Installing: /home/elee4000/Desktop/ros2_NEW_ws/src/install/agitr/share/agitr/cmake/agitrConfig.cmake
-- Installing: /home/elee4000/Desktop/ros2_NEW_ws/src/install/agitr/share/agitr/cmake/agitrConfig-version.cmake
-- Installing: /home/elee4000/Desktop/ros2_NEW_ws/src/install/agitr/share/agitr/package.xml
