[0.029s] Invoking command in '/home/elee4000/Desktop/ros2_NEW_ws/src/build/agitr': CMAKE_PREFIX_PATH=${CMAKE_PREFIX_PATH}:/opt/ros/jazzy DEBUGINFOD_URLS=https://debuginfod.ubuntu.com /usr/bin/cmake /home/elee4000/Desktop/ros2_NEW_ws/src/agitr -DCMAKE_INSTALL_PREFIX=/home/elee4000/Desktop/ros2_NEW_ws/src/install/agitr
[0.481s] -- The C compiler identification is GNU 13.3.0
[0.781s] -- The CXX compiler identification is GNU 13.3.0
[0.853s] -- Detecting C compiler ABI info
[1.095s] -- Detecting C compiler ABI info - done
[1.114s] -- Check for working C compiler: /usr/bin/cc - skipped
[1.117s] -- Detecting C compile features
[1.120s] -- Detecting C compile features - done
[1.142s] -- Detecting CXX compiler ABI info
[1.372s] -- Detecting CXX compiler ABI info - done
[1.396s] -- Check for working CXX compiler: /usr/bin/c++ - skipped
[1.397s] -- Detecting CXX compile features
[1.397s] -- Detecting CXX compile features - done
[1.417s] -- Found ament_cmake: 2.5.3 (/opt/ros/jazzy/share/ament_cmake/cmake)
[1.741s] -- Found Python3: /usr/bin/python3 (found version "3.12.3") found components: Interpreter 
[1.995s] -- Found ament_lint_auto: 0.17.1 (/opt/ros/jazzy/share/ament_lint_auto/cmake)
[2.282s] -- Added test 'lint_cmake' to check CMake code style
[2.286s] -- Added test 'xmllint' to check XML markup files
[2.290s] -- Configuring done (2.2s)
[2.295s] -- Generating done (0.0s)
[2.299s] -- Build files have been written to: /home/elee4000/Desktop/ros2_NEW_ws/src/build/agitr
[2.315s] Invoked command in '/home/elee4000/Desktop/ros2_NEW_ws/src/build/agitr' returned '0': CMAKE_PREFIX_PATH=${CMAKE_PREFIX_PATH}:/opt/ros/jazzy DEBUGINFOD_URLS=https://debuginfod.ubuntu.com /usr/bin/cmake /home/elee4000/Desktop/ros2_NEW_ws/src/agitr -DCMAKE_INSTALL_PREFIX=/home/elee4000/Desktop/ros2_NEW_ws/src/install/agitr
[2.315s] Invoking command in '/home/elee4000/Desktop/ros2_NEW_ws/src/build/agitr': CMAKE_PREFIX_PATH=${CMAKE_PREFIX_PATH}:/opt/ros/jazzy DEBUGINFOD_URLS=https://debuginfod.ubuntu.com /usr/bin/cmake --build /home/elee4000/Desktop/ros2_NEW_ws/src/build/agitr -- -j4 -l4
[2.407s] Invoked command in '/home/elee4000/Desktop/ros2_NEW_ws/src/build/agitr' returned '0': CMAKE_PREFIX_PATH=${CMAKE_PREFIX_PATH}:/opt/ros/jazzy DEBUGINFOD_URLS=https://debuginfod.ubuntu.com /usr/bin/cmake --build /home/elee4000/Desktop/ros2_NEW_ws/src/build/agitr -- -j4 -l4
[2.438s] Invoking command in '/home/elee4000/Desktop/ros2_NEW_ws/src/build/agitr': CMAKE_PREFIX_PATH=${CMAKE_PREFIX_PATH}:/opt/ros/jazzy DEBUGINFOD_URLS=https://debuginfod.ubuntu.com /usr/bin/cmake --install /home/elee4000/Desktop/ros2_NEW_ws/src/build/agitr
[2.467s] -- Install configuration: ""
[2.467s] -- Installing: /home/elee4000/Desktop/ros2_NEW_ws/src/install/agitr/share/ament_index/resource_index/package_run_dependencies/agitr
[2.469s] -- Installing: /home/elee4000/Desktop/ros2_NEW_ws/src/install/agitr/share/ament_index/resource_index/parent_prefix_path/agitr
[2.470s] -- Installing: /home/elee4000/Desktop/ros2_NEW_ws/src/install/agitr/share/agitr/environment/ament_prefix_path.sh
[2.470s] -- Installing: /home/elee4000/Desktop/ros2_NEW_ws/src/install/agitr/share/agitr/environment/ament_prefix_path.dsv
[2.475s] -- Installing: /home/elee4000/Desktop/ros2_NEW_ws/src/install/agitr/share/agitr/environment/path.sh
[2.477s] -- Installing: /home/elee4000/Desktop/ros2_NEW_ws/src/install/agitr/share/agitr/environment/path.dsv
[2.477s] -- Installing: /home/elee4000/Desktop/ros2_NEW_ws/src/install/agitr/share/agitr/local_setup.bash
[2.478s] -- Installing: /home/elee4000/Desktop/ros2_NEW_ws/src/install/agitr/share/agitr/local_setup.sh
[2.478s] -- Installing: /home/elee4000/Desktop/ros2_NEW_ws/src/install/agitr/share/agitr/local_setup.zsh
[2.478s] -- Installing: /home/elee4000/Desktop/ros2_NEW_ws/src/install/agitr/share/agitr/local_setup.dsv
[2.478s] -- Installing: /home/elee4000/Desktop/ros2_NEW_ws/src/install/agitr/share/agitr/package.dsv
[2.478s] -- Installing: /home/elee4000/Desktop/ros2_NEW_ws/src/install/agitr/share/ament_index/resource_index/packages/agitr
[2.478s] -- Installing: /home/elee4000/Desktop/ros2_NEW_ws/src/install/agitr/share/agitr/cmake/agitrConfig.cmake
[2.480s] -- Installing: /home/elee4000/Desktop/ros2_NEW_ws/src/install/agitr/share/agitr/cmake/agitrConfig-version.cmake
[2.480s] -- Installing: /home/elee4000/Desktop/ros2_NEW_ws/src/install/agitr/share/agitr/package.xml
[2.480s] Invoked command in '/home/elee4000/Desktop/ros2_NEW_ws/src/build/agitr' returned '0': CMAKE_PREFIX_PATH=${CMAKE_PREFIX_PATH}:/opt/ros/jazzy DEBUGINFOD_URLS=https://debuginfod.ubuntu.com /usr/bin/cmake --install /home/elee4000/Desktop/ros2_NEW_ws/src/build/agitr
