-- Found ament_cmake: 2.5.3 (/opt/ros/jazzy/share/ament_cmake/cmake)
-- Found rclcpp: 28.1.6 (/opt/ros/jazzy/share/rclcpp/cmake)
-- Found rosidl_generator_c: 4.6.5 (/opt/ros/jazzy/share/rosidl_generator_c/cmake)
-- Found rosidl_generator_cpp: 4.6.5 (/opt/ros/jazzy/share/rosidl_generator_cpp/cmake)
-- Using all available rosidl_typesupport_c: rosidl_typesupport_fastrtps_c;rosidl_typesupport_introspection_c
-- Using all available rosidl_typesupport_cpp: rosidl_typesupport_fastrtps_cpp;rosidl_typesupport_introspection_cpp
-- Found rmw_implementation_cmake: 7.3.1 (/opt/ros/jazzy/share/rmw_implementation_cmake/cmake)
-- Found rmw_fastrtps_cpp: 8.4.1 (/opt/ros/jazzy/share/rmw_fastrtps_cpp/cmake)
-- Using RMW implementation 'rmw_fastrtps_cpp' as default
-- Found ament_lint_auto: 0.17.1 (/opt/ros/jazzy/share/ament_lint_auto/cmake)
-- Added test 'cppcheck' to perform static code analysis on C / C++ code
-- Configured cppcheck include dirs: 
-- Configured cppcheck exclude dirs and/or files: 
-- Added test 'lint_cmake' to check CMake code style
-- Added test 'uncrustify' to check C / C++ code style
-- Configured uncrustify additional arguments: 
-- Added test 'xmllint' to check XML markup files
-- Configuring done (1.1s)
-- Generating done (0.0s)
-- Build files have been written to: /home/elee4000/Desktop/ros2_NEW_ws/build/agitr
Change Dir: '/home/elee4000/Desktop/ros2_NEW_ws/build/agitr'

Run Build Command(s): /usr/bin/cmake -E env VERBOSE=1 /usr/bin/gmake -f Makefile -j4 -l4
/usr/bin/cmake -S/home/elee4000/Desktop/ros2_NEW_ws/src/agitr -B/home/elee4000/Desktop/ros2_NEW_ws/build/agitr --check-build-system CMakeFiles/Makefile.cmake 0
/usr/bin/cmake -E cmake_progress_start /home/elee4000/Desktop/ros2_NEW_ws/build/agitr/CMakeFiles /home/elee4000/Desktop/ros2_NEW_ws/build/agitr//CMakeFiles/progress.marks
/usr/bin/gmake  -f CMakeFiles/Makefile2 all
gmake[1]: Entering directory '/home/elee4000/Desktop/ros2_NEW_ws/build/agitr'
/usr/bin/gmake  -f CMakeFiles/hello_world.dir/build.make CMakeFiles/hello_world.dir/depend
gmake[2]: Entering directory '/home/elee4000/Desktop/ros2_NEW_ws/build/agitr'
cd /home/elee4000/Desktop/ros2_NEW_ws/build/agitr && /usr/bin/cmake -E cmake_depends "Unix Makefiles" /home/elee4000/Desktop/ros2_NEW_ws/src/agitr /home/elee4000/Desktop/ros2_NEW_ws/src/agitr /home/elee4000/Desktop/ros2_NEW_ws/build/agitr /home/elee4000/Desktop/ros2_NEW_ws/build/agitr /home/elee4000/Desktop/ros2_NEW_ws/build/agitr/CMakeFiles/hello_world.dir/DependInfo.cmake "--color="
Dependencies file "CMakeFiles/hello_world.dir/src/hello_world.cpp.o.d" is newer than depends file "/home/elee4000/Desktop/ros2_NEW_ws/build/agitr/CMakeFiles/hello_world.dir/compiler_depend.internal".
[35m[1mConsolidate compiler generated dependencies of target hello_world[0m
gmake[2]: Leaving directory '/home/elee4000/Desktop/ros2_NEW_ws/build/agitr'
/usr/bin/gmake  -f CMakeFiles/hello_world.dir/build.make CMakeFiles/hello_world.dir/build
gmake[2]: Entering directory '/home/elee4000/Desktop/ros2_NEW_ws/build/agitr'
[ 50%] [32mBuilding CXX object CMakeFiles/hello_world.dir/src/hello_world.cpp.o[0m
/usr/bin/c++ -DDEFAULT_RMW_IMPLEMENTATION=rmw_fastrtps_cpp -DFASTCDR_DYN_LINK -isystem /opt/ros/jazzy/include/rclcpp -isystem /opt/ros/jazzy/include/builtin_interfaces -isystem /opt/ros/jazzy/include/rosidl_runtime_c -isystem /opt/ros/jazzy/include/rcutils -isystem /opt/ros/jazzy/include/rosidl_typesupport_interface -isystem /opt/ros/jazzy/include/fastcdr -isystem /opt/ros/jazzy/include/rosidl_runtime_cpp -isystem /opt/ros/jazzy/include/rosidl_typesupport_fastrtps_cpp -isystem /opt/ros/jazzy/include/rmw -isystem /opt/ros/jazzy/include/rosidl_dynamic_typesupport -isystem /opt/ros/jazzy/include/rosidl_typesupport_fastrtps_c -isystem /opt/ros/jazzy/include/rosidl_typesupport_introspection_c -isystem /opt/ros/jazzy/include/rosidl_typesupport_introspection_cpp -isystem /opt/ros/jazzy/include/libstatistics_collector -isystem /opt/ros/jazzy/include/rcl -isystem /opt/ros/jazzy/include/rcl_interfaces -isystem /opt/ros/jazzy/include/service_msgs -isystem /opt/ros/jazzy/include/rcl_logging_interface -isystem /opt/ros/jazzy/include/rcl_yaml_param_parser -isystem /opt/ros/jazzy/include/type_description_interfaces -isystem /opt/ros/jazzy/include/rcpputils -isystem /opt/ros/jazzy/include/statistics_msgs -isystem /opt/ros/jazzy/include/rosgraph_msgs -isystem /opt/ros/jazzy/include/rosidl_typesupport_cpp -isystem /opt/ros/jazzy/include/rosidl_typesupport_c -isystem /opt/ros/jazzy/include/tracetools -Wall -Wextra -Wpedantic -MD -MT CMakeFiles/hello_world.dir/src/hello_world.cpp.o -MF CMakeFiles/hello_world.dir/src/hello_world.cpp.o.d -o CMakeFiles/hello_world.dir/src/hello_world.cpp.o -c /home/elee4000/Desktop/ros2_NEW_ws/src/agitr/src/hello_world.cpp
[100%] [32m[1mLinking CXX executable hello_world[0m
/usr/bin/cmake -E cmake_link_script CMakeFiles/hello_world.dir/link.txt --verbose=1
/usr/bin/c++ CMakeFiles/hello_world.dir/src/hello_world.cpp.o -o hello_world  -Wl,-rpath,/opt/ros/jazzy/lib: /opt/ros/jazzy/lib/librclcpp.so /opt/ros/jazzy/lib/liblibstatistics_collector.so /opt/ros/jazzy/lib/librcl.so /opt/ros/jazzy/lib/librmw_implementation.so /opt/ros/jazzy/lib/libtype_description_interfaces__rosidl_typesupport_fastrtps_c.so /opt/ros/jazzy/lib/libtype_description_interfaces__rosidl_typesupport_introspection_c.so /opt/ros/jazzy/lib/libtype_description_interfaces__rosidl_typesupport_fastrtps_cpp.so /opt/ros/jazzy/lib/libtype_description_interfaces__rosidl_typesupport_introspection_cpp.so /opt/ros/jazzy/lib/libtype_description_interfaces__rosidl_typesupport_cpp.so /opt/ros/jazzy/lib/libtype_description_interfaces__rosidl_generator_py.so /opt/ros/jazzy/lib/libtype_description_interfaces__rosidl_typesupport_c.so /opt/ros/jazzy/lib/libtype_description_interfaces__rosidl_generator_c.so /opt/ros/jazzy/lib/librcl_interfaces__rosidl_typesupport_fastrtps_c.so /opt/ros/jazzy/lib/librcl_interfaces__rosidl_typesupport_introspection_c.so /opt/ros/jazzy/lib/librcl_interfaces__rosidl_typesupport_fastrtps_cpp.so /opt/ros/jazzy/lib/librcl_interfaces__rosidl_typesupport_introspection_cpp.so /opt/ros/jazzy/lib/librcl_interfaces__rosidl_typesupport_cpp.so /opt/ros/jazzy/lib/librcl_interfaces__rosidl_generator_py.so /opt/ros/jazzy/lib/librcl_interfaces__rosidl_typesupport_c.so /opt/ros/jazzy/lib/librcl_interfaces__rosidl_generator_c.so /opt/ros/jazzy/lib/libservice_msgs__rosidl_typesupport_fastrtps_c.so /opt/ros/jazzy/lib/libservice_msgs__rosidl_typesupport_introspection_c.so /opt/ros/jazzy/lib/libservice_msgs__rosidl_typesupport_fastrtps_cpp.so /opt/ros/jazzy/lib/libservice_msgs__rosidl_typesupport_introspection_cpp.so /opt/ros/jazzy/lib/libservice_msgs__rosidl_typesupport_cpp.so /opt/ros/jazzy/lib/libservice_msgs__rosidl_typesupport_c.so /opt/ros/jazzy/lib/libservice_msgs__rosidl_generator_c.so /opt/ros/jazzy/lib/librcl_yaml_param_parser.so /opt/ros/jazzy/lib/librosgraph_msgs__rosidl_typesupport_fastrtps_c.so /opt/ros/jazzy/lib/librosgraph_msgs__rosidl_typesupport_fastrtps_cpp.so /opt/ros/jazzy/lib/librosgraph_msgs__rosidl_typesupport_introspection_c.so /opt/ros/jazzy/lib/librosgraph_msgs__rosidl_typesupport_introspection_cpp.so /opt/ros/jazzy/lib/librosgraph_msgs__rosidl_typesupport_cpp.so /opt/ros/jazzy/lib/librosgraph_msgs__rosidl_generator_py.so /opt/ros/jazzy/lib/librosgraph_msgs__rosidl_typesupport_c.so /opt/ros/jazzy/lib/librosgraph_msgs__rosidl_generator_c.so /opt/ros/jazzy/lib/libstatistics_msgs__rosidl_typesupport_fastrtps_c.so /opt/ros/jazzy/lib/libstatistics_msgs__rosidl_typesupport_fastrtps_cpp.so /opt/ros/jazzy/lib/libstatistics_msgs__rosidl_typesupport_introspection_c.so /opt/ros/jazzy/lib/libstatistics_msgs__rosidl_typesupport_introspection_cpp.so /opt/ros/jazzy/lib/libstatistics_msgs__rosidl_typesupport_cpp.so /opt/ros/jazzy/lib/libstatistics_msgs__rosidl_generator_py.so /opt/ros/jazzy/lib/libbuiltin_interfaces__rosidl_typesupport_fastrtps_c.so /opt/ros/jazzy/lib/librosidl_typesupport_fastrtps_c.so /opt/ros/jazzy/lib/libbuiltin_interfaces__rosidl_typesupport_introspection_c.so /opt/ros/jazzy/lib/libbuiltin_interfaces__rosidl_typesupport_fastrtps_cpp.so /opt/ros/jazzy/lib/librosidl_typesupport_fastrtps_cpp.so /opt/ros/jazzy/lib/librmw.so /opt/ros/jazzy/lib/librosidl_dynamic_typesupport.so /opt/ros/jazzy/lib/libfastcdr.so.2.2.5 /opt/ros/jazzy/lib/libbuiltin_interfaces__rosidl_typesupport_introspection_cpp.so /opt/ros/jazzy/lib/librosidl_typesupport_introspection_cpp.so /opt/ros/jazzy/lib/librosidl_typesupport_introspection_c.so /opt/ros/jazzy/lib/libbuiltin_interfaces__rosidl_typesupport_cpp.so /opt/ros/jazzy/lib/librosidl_typesupport_cpp.so /opt/ros/jazzy/lib/libbuiltin_interfaces__rosidl_generator_py.so /opt/ros/jazzy/lib/libstatistics_msgs__rosidl_typesupport_c.so /opt/ros/jazzy/lib/libbuiltin_interfaces__rosidl_typesupport_c.so /opt/ros/jazzy/lib/libstatistics_msgs__rosidl_generator_c.so /opt/ros/jazzy/lib/libbuiltin_interfaces__rosidl_generator_c.so /opt/ros/jazzy/lib/librosidl_typesupport_c.so /opt/ros/jazzy/lib/librcpputils.so /opt/ros/jazzy/lib/librosidl_runtime_c.so /opt/ros/jazzy/lib/libtracetools.so -llttng-ust -llttng-ust-common -rdynamic -ldl /opt/ros/jazzy/lib/librcl_logging_interface.so /opt/ros/jazzy/lib/librcutils.so -ldl -Wl,-rpath-link,/opt/ros/jazzy/lib 
gmake[2]: Leaving directory '/home/elee4000/Desktop/ros2_NEW_ws/build/agitr'
[100%] Built target hello_world
gmake[1]: Leaving directory '/home/elee4000/Desktop/ros2_NEW_ws/build/agitr'
/usr/bin/cmake -E cmake_progress_start /home/elee4000/Desktop/ros2_NEW_ws/build/agitr/CMakeFiles 0

-- Install configuration: ""
-- Installing: /home/elee4000/Desktop/ros2_NEW_ws/install/agitr/lib/agitr/hello_world
-- Set non-toolchain portion of runtime path of "/home/elee4000/Desktop/ros2_NEW_ws/install/agitr/lib/agitr/hello_world" to ""
-- Installing: /home/elee4000/Desktop/ros2_NEW_ws/install/agitr/share/ament_index/resource_index/package_run_dependencies/agitr
-- Installing: /home/elee4000/Desktop/ros2_NEW_ws/install/agitr/share/ament_index/resource_index/parent_prefix_path/agitr
-- Installing: /home/elee4000/Desktop/ros2_NEW_ws/install/agitr/share/agitr/environment/ament_prefix_path.sh
-- Installing: /home/elee4000/Desktop/ros2_NEW_ws/install/agitr/share/agitr/environment/ament_prefix_path.dsv
-- Installing: /home/elee4000/Desktop/ros2_NEW_ws/install/agitr/share/agitr/environment/path.sh
-- Installing: /home/elee4000/Desktop/ros2_NEW_ws/install/agitr/share/agitr/environment/path.dsv
-- Installing: /home/elee4000/Desktop/ros2_NEW_ws/install/agitr/share/agitr/local_setup.bash
-- Installing: /home/elee4000/Desktop/ros2_NEW_ws/install/agitr/share/agitr/local_setup.sh
-- Installing: /home/elee4000/Desktop/ros2_NEW_ws/install/agitr/share/agitr/local_setup.zsh
-- Installing: /home/elee4000/Desktop/ros2_NEW_ws/install/agitr/share/agitr/local_setup.dsv
-- Installing: /home/elee4000/Desktop/ros2_NEW_ws/install/agitr/share/agitr/package.dsv
-- Installing: /home/elee4000/Desktop/ros2_NEW_ws/install/agitr/share/ament_index/resource_index/packages/agitr
-- Installing: /home/elee4000/Desktop/ros2_NEW_ws/install/agitr/share/agitr/cmake/agitrConfig.cmake
-- Installing: /home/elee4000/Desktop/ros2_NEW_ws/install/agitr/share/agitr/cmake/agitrConfig-version.cmake
-- Installing: /home/elee4000/Desktop/ros2_NEW_ws/install/agitr/share/agitr/package.xml
