[0.145s] DEBUG:colcon:Command line arguments: ['/usr/bin/colcon', 'build']
[0.145s] DEBUG:colcon:Parsed command line arguments: Namespace(log_base=None, log_level=None, verb_name='build', build_base='build', install_base='install', merge_install=False, symlink_install=False, test_result_base=None, continue_on_error=False, executor='parallel', parallel_workers=4, event_handlers=None, ignore_user_meta=False, metas=['./colcon.meta'], base_paths=['.'], packages_ignore=None, packages_ignore_regex=None, paths=None, packages_up_to=None, packages_up_to_regex=None, packages_above=None, packages_above_and_dependencies=None, packages_above_depth=None, packages_select_by_dep=None, packages_skip_by_dep=None, packages_skip_up_to=None, packages_select_build_failed=False, packages_skip_build_finished=False, packages_select_test_failures=False, packages_skip_test_passed=False, packages_select=None, packages_skip=None, packages_select_regex=None, packages_skip_regex=None, packages_start=None, packages_end=None, allow_overriding=[], cmake_args=None, cmake_target=None, cmake_target_skip_unavailable=False, cmake_clean_cache=False, cmake_clean_first=False, cmake_force_configure=False, ament_cmake_args=None, catkin_cmake_args=None, catkin_skip_building_tests=False, mixin_files=None, mixin=None, verb_parser=<colcon_mixin.mixin.mixin_argument.MixinArgumentDecorator object at 0xffff8d9bef30>, verb_extension=<colcon_core.verb.build.BuildVerb object at 0xffff8db6f4a0>, main=<bound method BuildVerb.main of <colcon_core.verb.build.BuildVerb object at 0xffff8db6f4a0>>, mixin_verb=('build',))
[0.206s] Level 1:colcon.colcon_core.package_discovery:discover_packages(colcon_meta) check parameters
[0.206s] Level 1:colcon.colcon_core.package_discovery:discover_packages(recursive) check parameters
[0.206s] Level 1:colcon.colcon_core.package_discovery:discover_packages(ignore) check parameters
[0.206s] Level 1:colcon.colcon_core.package_discovery:discover_packages(path) check parameters
[0.206s] Level 1:colcon.colcon_core.package_discovery:discover_packages(colcon_meta) discover
[0.206s] Level 1:colcon.colcon_core.package_discovery:discover_packages(recursive) discover
[0.207s] INFO:colcon.colcon_core.package_discovery:Crawling recursively for packages in '/home/elee4000/Desktop/ros2_NEW_ws'
[0.207s] Level 1:colcon.colcon_core.package_identification:_identify(.) by extensions ['ignore', 'ignore_ament_install']
[0.207s] Level 1:colcon.colcon_core.package_identification:_identify(.) by extension 'ignore'
[0.207s] Level 1:colcon.colcon_core.package_identification:_identify(.) by extension 'ignore_ament_install'
[0.207s] Level 1:colcon.colcon_core.package_identification:_identify(.) by extensions ['colcon_pkg']
[0.207s] Level 1:colcon.colcon_core.package_identification:_identify(.) by extension 'colcon_pkg'
[0.207s] Level 1:colcon.colcon_core.package_identification:_identify(.) by extensions ['colcon_meta']
[0.207s] Level 1:colcon.colcon_core.package_identification:_identify(.) by extension 'colcon_meta'
[0.207s] Level 1:colcon.colcon_core.package_identification:_identify(.) by extensions ['ros']
[0.207s] Level 1:colcon.colcon_core.package_identification:_identify(.) by extension 'ros'
[0.276s] Level 1:colcon.colcon_core.package_identification:_identify(.) by extensions ['cmake', 'python']
[0.276s] Level 1:colcon.colcon_core.package_identification:_identify(.) by extension 'cmake'
[0.276s] Level 1:colcon.colcon_core.package_identification:_identify(.) by extension 'python'
[0.277s] Level 1:colcon.colcon_core.package_identification:_identify(.) by extensions ['python_setup_py']
[0.277s] Level 1:colcon.colcon_core.package_identification:_identify(.) by extension 'python_setup_py'
[0.277s] Level 1:colcon.colcon_core.package_identification:_identify(build) by extensions ['ignore', 'ignore_ament_install']
[0.277s] Level 1:colcon.colcon_core.package_identification:_identify(build) by extension 'ignore'
[0.277s] Level 1:colcon.colcon_core.package_identification:_identify(build) ignored
[0.278s] Level 1:colcon.colcon_core.package_identification:_identify(install) by extensions ['ignore', 'ignore_ament_install']
[0.278s] Level 1:colcon.colcon_core.package_identification:_identify(install) by extension 'ignore'
[0.278s] Level 1:colcon.colcon_core.package_identification:_identify(install) ignored
[0.278s] Level 1:colcon.colcon_core.package_identification:_identify(log) by extensions ['ignore', 'ignore_ament_install']
[0.278s] Level 1:colcon.colcon_core.package_identification:_identify(log) by extension 'ignore'
[0.279s] Level 1:colcon.colcon_core.package_identification:_identify(log) ignored
[0.279s] Level 1:colcon.colcon_core.package_identification:_identify(src) by extensions ['ignore', 'ignore_ament_install']
[0.279s] Level 1:colcon.colcon_core.package_identification:_identify(src) by extension 'ignore'
[0.279s] Level 1:colcon.colcon_core.package_identification:_identify(src) by extension 'ignore_ament_install'
[0.279s] Level 1:colcon.colcon_core.package_identification:_identify(src) by extensions ['colcon_pkg']
[0.279s] Level 1:colcon.colcon_core.package_identification:_identify(src) by extension 'colcon_pkg'
[0.279s] Level 1:colcon.colcon_core.package_identification:_identify(src) by extensions ['colcon_meta']
[0.279s] Level 1:colcon.colcon_core.package_identification:_identify(src) by extension 'colcon_meta'
[0.280s] Level 1:colcon.colcon_core.package_identification:_identify(src) by extensions ['ros']
[0.280s] Level 1:colcon.colcon_core.package_identification:_identify(src) by extension 'ros'
[0.280s] Level 1:colcon.colcon_core.package_identification:_identify(src) by extensions ['cmake', 'python']
[0.280s] Level 1:colcon.colcon_core.package_identification:_identify(src) by extension 'cmake'
[0.280s] Level 1:colcon.colcon_core.package_identification:_identify(src) by extension 'python'
[0.280s] Level 1:colcon.colcon_core.package_identification:_identify(src) by extensions ['python_setup_py']
[0.280s] Level 1:colcon.colcon_core.package_identification:_identify(src) by extension 'python_setup_py'
[0.281s] Level 1:colcon.colcon_core.package_identification:_identify(src/agitr) by extensions ['ignore', 'ignore_ament_install']
[0.281s] Level 1:colcon.colcon_core.package_identification:_identify(src/agitr) by extension 'ignore'
[0.281s] Level 1:colcon.colcon_core.package_identification:_identify(src/agitr) by extension 'ignore_ament_install'
[0.281s] Level 1:colcon.colcon_core.package_identification:_identify(src/agitr) by extensions ['colcon_pkg']
[0.281s] Level 1:colcon.colcon_core.package_identification:_identify(src/agitr) by extension 'colcon_pkg'
[0.282s] Level 1:colcon.colcon_core.package_identification:_identify(src/agitr) by extensions ['colcon_meta']
[0.282s] Level 1:colcon.colcon_core.package_identification:_identify(src/agitr) by extension 'colcon_meta'
[0.282s] Level 1:colcon.colcon_core.package_identification:_identify(src/agitr) by extensions ['ros']
[0.282s] Level 1:colcon.colcon_core.package_identification:_identify(src/agitr) by extension 'ros'
[0.289s] DEBUG:colcon.colcon_core.package_identification:Package 'src/agitr' with type 'ros.ament_cmake' and name 'agitr'
[0.289s] Level 1:colcon.colcon_core.package_identification:_identify(src/build) by extensions ['ignore', 'ignore_ament_install']
[0.290s] Level 1:colcon.colcon_core.package_identification:_identify(src/build) by extension 'ignore'
[0.290s] Level 1:colcon.colcon_core.package_identification:_identify(src/build) ignored
[0.290s] Level 1:colcon.colcon_core.package_identification:_identify(src/install) by extensions ['ignore', 'ignore_ament_install']
[0.290s] Level 1:colcon.colcon_core.package_identification:_identify(src/install) by extension 'ignore'
[0.290s] Level 1:colcon.colcon_core.package_identification:_identify(src/install) ignored
[0.291s] Level 1:colcon.colcon_core.package_identification:_identify(src/log) by extensions ['ignore', 'ignore_ament_install']
[0.291s] Level 1:colcon.colcon_core.package_identification:_identify(src/log) by extension 'ignore'
[0.291s] Level 1:colcon.colcon_core.package_identification:_identify(src/log) ignored
[0.291s] Level 1:colcon.colcon_core.package_discovery:discover_packages(recursive) using defaults
[0.291s] Level 1:colcon.colcon_core.package_discovery:discover_packages(ignore) discover
[0.291s] Level 1:colcon.colcon_core.package_discovery:discover_packages(ignore) using defaults
[0.291s] Level 1:colcon.colcon_core.package_discovery:discover_packages(path) discover
[0.291s] Level 1:colcon.colcon_core.package_discovery:discover_packages(path) using defaults
[0.335s] Level 1:colcon.colcon_core.package_discovery:discover_packages(prefix_path) check parameters
[0.335s] Level 1:colcon.colcon_core.package_discovery:discover_packages(prefix_path) discover
[0.342s] DEBUG:colcon.colcon_installed_package_information.package_discovery:Found 1 installed packages in /home/elee4000/Desktop/ros2_NEW_ws/install
[0.343s] DEBUG:colcon.colcon_installed_package_information.package_discovery:Found 1 installed packages in /home/elee4000/Desktop/ros2_NEW_ws/src/install
[0.344s] DEBUG:colcon.colcon_installed_package_information.package_discovery:Found 3 installed packages in /home/elee4000/ros2_ws/install
[0.347s] DEBUG:colcon.colcon_installed_package_information.package_discovery:Found 285 installed packages in /opt/ros/jazzy
[0.349s] Level 1:colcon.colcon_core.package_discovery:discover_packages(prefix_path) using defaults
[0.462s] Level 5:colcon.colcon_core.verb:set package 'agitr' build argument 'cmake_args' from command line to 'None'
[0.463s] Level 5:colcon.colcon_core.verb:set package 'agitr' build argument 'cmake_target' from command line to 'None'
[0.463s] Level 5:colcon.colcon_core.verb:set package 'agitr' build argument 'cmake_target_skip_unavailable' from command line to 'False'
[0.463s] Level 5:colcon.colcon_core.verb:set package 'agitr' build argument 'cmake_clean_cache' from command line to 'False'
[0.463s] Level 5:colcon.colcon_core.verb:set package 'agitr' build argument 'cmake_clean_first' from command line to 'False'
[0.463s] Level 5:colcon.colcon_core.verb:set package 'agitr' build argument 'cmake_force_configure' from command line to 'False'
[0.463s] Level 5:colcon.colcon_core.verb:set package 'agitr' build argument 'ament_cmake_args' from command line to 'None'
[0.463s] Level 5:colcon.colcon_core.verb:set package 'agitr' build argument 'catkin_cmake_args' from command line to 'None'
[0.463s] Level 5:colcon.colcon_core.verb:set package 'agitr' build argument 'catkin_skip_building_tests' from command line to 'False'
[0.463s] DEBUG:colcon.colcon_core.verb:Building package 'agitr' with the following arguments: {'ament_cmake_args': None, 'build_base': '/home/elee4000/Desktop/ros2_NEW_ws/build/agitr', 'catkin_cmake_args': None, 'catkin_skip_building_tests': False, 'cmake_args': None, 'cmake_clean_cache': False, 'cmake_clean_first': False, 'cmake_force_configure': False, 'cmake_target': None, 'cmake_target_skip_unavailable': False, 'install_base': '/home/elee4000/Desktop/ros2_NEW_ws/install/agitr', 'merge_install': False, 'path': '/home/elee4000/Desktop/ros2_NEW_ws/src/agitr', 'symlink_install': False, 'test_result_base': None}
[0.464s] INFO:colcon.colcon_core.executor:Executing jobs using 'parallel' executor
[0.470s] DEBUG:colcon.colcon_parallel_executor.executor.parallel:run_until_complete
[0.471s] INFO:colcon.colcon_ros.task.ament_cmake.build:Building ROS package in '/home/elee4000/Desktop/ros2_NEW_ws/src/agitr' with build type 'ament_cmake'
[0.472s] INFO:colcon.colcon_cmake.task.cmake.build:Building CMake package in '/home/elee4000/Desktop/ros2_NEW_ws/src/agitr'
[0.481s] INFO:colcon.colcon_core.plugin_system:Skipping extension 'colcon_core.shell.bat': Not used on non-Windows systems
[0.482s] INFO:colcon.colcon_core.shell:Skip shell extension 'powershell' for command environment: Not usable outside of PowerShell
[0.483s] DEBUG:colcon.colcon_core.shell:Skip shell extension 'dsv' for command environment
[0.522s] DEBUG:colcon.colcon_core.event_handler.log_command:Invoking command in '/home/elee4000/Desktop/ros2_NEW_ws/build/agitr': CMAKE_PREFIX_PATH=${CMAKE_PREFIX_PATH}:/opt/ros/jazzy DEBUGINFOD_URLS=https://debuginfod.ubuntu.com /usr/bin/cmake --build /home/elee4000/Desktop/ros2_NEW_ws/build/agitr -- -j4 -l4
[15.062s] DEBUG:colcon.colcon_core.event_handler.log_command:Invoked command in '/home/elee4000/Desktop/ros2_NEW_ws/build/agitr' returned '0': CMAKE_PREFIX_PATH=${CMAKE_PREFIX_PATH}:/opt/ros/jazzy DEBUGINFOD_URLS=https://debuginfod.ubuntu.com /usr/bin/cmake --build /home/elee4000/Desktop/ros2_NEW_ws/build/agitr -- -j4 -l4
[15.098s] DEBUG:colcon.colcon_core.event_handler.log_command:Invoking command in '/home/elee4000/Desktop/ros2_NEW_ws/build/agitr': CMAKE_PREFIX_PATH=${CMAKE_PREFIX_PATH}:/opt/ros/jazzy DEBUGINFOD_URLS=https://debuginfod.ubuntu.com /usr/bin/cmake --install /home/elee4000/Desktop/ros2_NEW_ws/build/agitr
[15.159s] Level 1:colcon.colcon_core.environment:create_environment_scripts_only(agitr)
[15.161s] DEBUG:colcon.colcon_core.event_handler.log_command:Invoked command in '/home/elee4000/Desktop/ros2_NEW_ws/build/agitr' returned '0': CMAKE_PREFIX_PATH=${CMAKE_PREFIX_PATH}:/opt/ros/jazzy DEBUGINFOD_URLS=https://debuginfod.ubuntu.com /usr/bin/cmake --install /home/elee4000/Desktop/ros2_NEW_ws/build/agitr
[15.167s] Level 1:colcon.colcon_core.environment:checking '/home/elee4000/Desktop/ros2_NEW_ws/install/agitr' for CMake module files
[15.168s] Level 1:colcon.colcon_core.environment:checking '/home/elee4000/Desktop/ros2_NEW_ws/install/agitr' for CMake config files
[15.169s] Level 1:colcon.colcon_core.shell:create_environment_hook('agitr', 'cmake_prefix_path')
[15.169s] INFO:colcon.colcon_core.shell:Creating environment hook '/home/elee4000/Desktop/ros2_NEW_ws/install/agitr/share/agitr/hook/cmake_prefix_path.ps1'
[15.171s] INFO:colcon.colcon_core.shell:Creating environment descriptor '/home/elee4000/Desktop/ros2_NEW_ws/install/agitr/share/agitr/hook/cmake_prefix_path.dsv'
[15.172s] INFO:colcon.colcon_core.shell:Creating environment hook '/home/elee4000/Desktop/ros2_NEW_ws/install/agitr/share/agitr/hook/cmake_prefix_path.sh'
[15.174s] Level 1:colcon.colcon_core.environment:checking '/home/elee4000/Desktop/ros2_NEW_ws/install/agitr/lib'
[15.175s] Level 1:colcon.colcon_core.environment:checking '/home/elee4000/Desktop/ros2_NEW_ws/install/agitr/bin'
[15.176s] Level 1:colcon.colcon_core.environment:checking '/home/elee4000/Desktop/ros2_NEW_ws/install/agitr/lib/pkgconfig/agitr.pc'
[15.177s] Level 1:colcon.colcon_core.environment:checking '/home/elee4000/Desktop/ros2_NEW_ws/install/agitr/lib/python3.12/site-packages'
[15.178s] Level 1:colcon.colcon_core.environment:checking '/home/elee4000/Desktop/ros2_NEW_ws/install/agitr/bin'
[15.179s] INFO:colcon.colcon_core.shell:Creating package script '/home/elee4000/Desktop/ros2_NEW_ws/install/agitr/share/agitr/package.ps1'
[15.182s] INFO:colcon.colcon_core.shell:Creating package descriptor '/home/elee4000/Desktop/ros2_NEW_ws/install/agitr/share/agitr/package.dsv'
[15.185s] INFO:colcon.colcon_core.shell:Creating package script '/home/elee4000/Desktop/ros2_NEW_ws/install/agitr/share/agitr/package.sh'
[15.187s] INFO:colcon.colcon_core.shell:Creating package script '/home/elee4000/Desktop/ros2_NEW_ws/install/agitr/share/agitr/package.bash'
[15.189s] INFO:colcon.colcon_core.shell:Creating package script '/home/elee4000/Desktop/ros2_NEW_ws/install/agitr/share/agitr/package.zsh'
[15.191s] Level 1:colcon.colcon_core.environment:create_file_with_runtime_dependencies(/home/elee4000/Desktop/ros2_NEW_ws/install/agitr/share/colcon-core/packages/agitr)
[15.193s] Level 1:colcon.colcon_core.environment:create_environment_scripts_only(agitr)
[15.194s] Level 1:colcon.colcon_core.environment:checking '/home/elee4000/Desktop/ros2_NEW_ws/install/agitr' for CMake module files
[15.195s] Level 1:colcon.colcon_core.environment:checking '/home/elee4000/Desktop/ros2_NEW_ws/install/agitr' for CMake config files
[15.196s] Level 1:colcon.colcon_core.shell:create_environment_hook('agitr', 'cmake_prefix_path')
[15.196s] INFO:colcon.colcon_core.shell:Creating environment hook '/home/elee4000/Desktop/ros2_NEW_ws/install/agitr/share/agitr/hook/cmake_prefix_path.ps1'
[15.198s] INFO:colcon.colcon_core.shell:Creating environment descriptor '/home/elee4000/Desktop/ros2_NEW_ws/install/agitr/share/agitr/hook/cmake_prefix_path.dsv'
[15.200s] INFO:colcon.colcon_core.shell:Creating environment hook '/home/elee4000/Desktop/ros2_NEW_ws/install/agitr/share/agitr/hook/cmake_prefix_path.sh'
[15.203s] Level 1:colcon.colcon_core.environment:checking '/home/elee4000/Desktop/ros2_NEW_ws/install/agitr/lib'
[15.204s] Level 1:colcon.colcon_core.environment:checking '/home/elee4000/Desktop/ros2_NEW_ws/install/agitr/bin'
[15.204s] Level 1:colcon.colcon_core.environment:checking '/home/elee4000/Desktop/ros2_NEW_ws/install/agitr/lib/pkgconfig/agitr.pc'
[15.204s] Level 1:colcon.colcon_core.environment:checking '/home/elee4000/Desktop/ros2_NEW_ws/install/agitr/lib/python3.12/site-packages'
[15.205s] Level 1:colcon.colcon_core.environment:checking '/home/elee4000/Desktop/ros2_NEW_ws/install/agitr/bin'
[15.205s] INFO:colcon.colcon_core.shell:Creating package script '/home/elee4000/Desktop/ros2_NEW_ws/install/agitr/share/agitr/package.ps1'
[15.206s] INFO:colcon.colcon_core.shell:Creating package descriptor '/home/elee4000/Desktop/ros2_NEW_ws/install/agitr/share/agitr/package.dsv'
[15.208s] INFO:colcon.colcon_core.shell:Creating package script '/home/elee4000/Desktop/ros2_NEW_ws/install/agitr/share/agitr/package.sh'
[15.209s] INFO:colcon.colcon_core.shell:Creating package script '/home/elee4000/Desktop/ros2_NEW_ws/install/agitr/share/agitr/package.bash'
[15.211s] INFO:colcon.colcon_core.shell:Creating package script '/home/elee4000/Desktop/ros2_NEW_ws/install/agitr/share/agitr/package.zsh'
[15.213s] Level 1:colcon.colcon_core.environment:create_file_with_runtime_dependencies(/home/elee4000/Desktop/ros2_NEW_ws/install/agitr/share/colcon-core/packages/agitr)
[15.215s] DEBUG:colcon.colcon_parallel_executor.executor.parallel:closing loop
[15.216s] DEBUG:colcon.colcon_parallel_executor.executor.parallel:loop closed
[15.216s] DEBUG:colcon.colcon_parallel_executor.executor.parallel:run_until_complete finished with '0'
[15.216s] DEBUG:colcon.colcon_core.event_reactor:joining thread
[15.241s] INFO:colcon.colcon_core.plugin_system:Skipping extension 'colcon_notification.desktop_notification.terminal_notifier': Not used on non-Darwin systems
[15.242s] INFO:colcon.colcon_core.plugin_system:Skipping extension 'colcon_notification.desktop_notification.win32': Not used on non-Windows systems
[15.243s] INFO:colcon.colcon_notification.desktop_notification:Sending desktop notification using 'notify2'
[15.279s] DEBUG:colcon.colcon_core.event_reactor:joined thread
[15.280s] INFO:colcon.colcon_core.shell:Creating prefix script '/home/elee4000/Desktop/ros2_NEW_ws/install/local_setup.ps1'
[15.291s] INFO:colcon.colcon_core.shell:Creating prefix util module '/home/elee4000/Desktop/ros2_NEW_ws/install/_local_setup_util_ps1.py'
[15.293s] INFO:colcon.colcon_core.shell:Creating prefix chain script '/home/elee4000/Desktop/ros2_NEW_ws/install/setup.ps1'
[15.295s] INFO:colcon.colcon_core.shell:Creating prefix script '/home/elee4000/Desktop/ros2_NEW_ws/install/local_setup.sh'
[15.296s] INFO:colcon.colcon_core.shell:Creating prefix util module '/home/elee4000/Desktop/ros2_NEW_ws/install/_local_setup_util_sh.py'
[15.297s] INFO:colcon.colcon_core.shell:Creating prefix chain script '/home/elee4000/Desktop/ros2_NEW_ws/install/setup.sh'
[15.300s] INFO:colcon.colcon_core.shell:Creating prefix script '/home/elee4000/Desktop/ros2_NEW_ws/install/local_setup.bash'
[15.301s] INFO:colcon.colcon_core.shell:Creating prefix chain script '/home/elee4000/Desktop/ros2_NEW_ws/install/setup.bash'
[15.303s] INFO:colcon.colcon_core.shell:Creating prefix script '/home/elee4000/Desktop/ros2_NEW_ws/install/local_setup.zsh'
[15.304s] INFO:colcon.colcon_core.shell:Creating prefix chain script '/home/elee4000/Desktop/ros2_NEW_ws/install/setup.zsh'
