Change Dir: '/home/elee4000/Desktop/ros2_NEW_ws/build/agitr'

Run Build Command(s): /usr/bin/cmake -E env VERBOSE=1 /usr/bin/gmake -f Makefile -j4 -l4
/usr/bin/cmake -S/home/elee4000/Desktop/ros2_NEW_ws/src/agitr -B/home/elee4000/Desktop/ros2_NEW_ws/build/agitr --check-build-system CMakeFiles/Makefile.cmake 0
Re-run cmake file: Makefile older than: /home/elee4000/Desktop/ros2_NEW_ws/src/agitr/package.xml
-- Found ament_cmake: 2.5.3 (/opt/ros/jazzy/share/ament_cmake/cmake)
-- Found rclcpp: 28.1.6 (/opt/ros/jazzy/share/rclcpp/cmake)
-- Found rosidl_generator_c: 4.6.5 (/opt/ros/jazzy/share/rosidl_generator_c/cmake)
-- Found rosidl_generator_cpp: 4.6.5 (/opt/ros/jazzy/share/rosidl_generator_cpp/cmake)
-- Using all available rosidl_typesupport_c: rosidl_typesupport_fastrtps_c;rosidl_typesupport_introspection_c
-- Using all available rosidl_typesupport_cpp: rosidl_typesupport_fastrtps_cpp;rosidl_typesupport_introspection_cpp
-- Found rmw_implementation_cmake: 7.3.1 (/opt/ros/jazzy/share/rmw_implementation_cmake/cmake)
-- Found rmw_fastrtps_cpp: 8.4.1 (/opt/ros/jazzy/share/rmw_fastrtps_cpp/cmake)
-- Using RMW implementation 'rmw_fastrtps_cpp' as default
-- Found ament_lint_auto: 0.17.1 (/opt/ros/jazzy/share/ament_lint_auto/cmake)
-- Added test 'cppcheck' to perform static code analysis on C / C++ code
-- Configured cppcheck include dirs: 
-- Configured cppcheck exclude dirs and/or files: 
-- Added test 'lint_cmake' to check CMake code style
-- Added test 'uncrustify' to check C / C++ code style
-- Configured uncrustify additional arguments: 
-- Added test 'xmllint' to check XML markup files
-- Configuring done (3.6s)
-- Generating done (0.4s)
-- Build files have been written to: /home/elee4000/Desktop/ros2_NEW_ws/build/agitr
/usr/bin/cmake -E cmake_progress_start /home/elee4000/Desktop/ros2_NEW_ws/build/agitr/CMakeFiles /home/elee4000/Desktop/ros2_NEW_ws/build/agitr//CMakeFiles/progress.marks
/usr/bin/gmake  -f CMakeFiles/Makefile2 all
gmake[1]: Entering directory '/home/elee4000/Desktop/ros2_NEW_ws/build/agitr'
/usr/bin/gmake  -f CMakeFiles/hello_world.dir/build.make CMakeFiles/hello_world.dir/depend
gmake[2]: Entering directory '/home/elee4000/Desktop/ros2_NEW_ws/build/agitr'
cd /home/elee4000/Desktop/ros2_NEW_ws/build/agitr && /usr/bin/cmake -E cmake_depends "Unix Makefiles" /home/elee4000/Desktop/ros2_NEW_ws/src/agitr /home/elee4000/Desktop/ros2_NEW_ws/src/agitr /home/elee4000/Desktop/ros2_NEW_ws/build/agitr /home/elee4000/Desktop/ros2_NEW_ws/build/agitr /home/elee4000/Desktop/ros2_NEW_ws/build/agitr/CMakeFiles/hello_world.dir/DependInfo.cmake "--color="
Dependencies file "CMakeFiles/hello_world.dir/src/hello_world.cpp.o.d" is newer than depends file "/home/elee4000/Desktop/ros2_NEW_ws/build/agitr/CMakeFiles/hello_world.dir/compiler_depend.internal".
[35m[1mConsolidate compiler generated dependencies of target hello_world[0m
gmake[2]: Leaving directory '/home/elee4000/Desktop/ros2_NEW_ws/build/agitr'
/usr/bin/gmake  -f CMakeFiles/hello_world.dir/build.make CMakeFiles/hello_world.dir/build
gmake[2]: Entering directory '/home/elee4000/Desktop/ros2_NEW_ws/build/agitr'
gmake[2]: Nothing to be done for 'CMakeFiles/hello_world.dir/build'.
gmake[2]: Leaving directory '/home/elee4000/Desktop/ros2_NEW_ws/build/agitr'
[100%] Built target hello_world
gmake[1]: Leaving directory '/home/elee4000/Desktop/ros2_NEW_ws/build/agitr'
/usr/bin/cmake -E cmake_progress_start /home/elee4000/Desktop/ros2_NEW_ws/build/agitr/CMakeFiles 0

-- Install configuration: ""
-- Up-to-date: /home/elee4000/Desktop/ros2_NEW_ws/install/agitr/lib/agitr/hello_world
-- Installing: /home/elee4000/Desktop/ros2_NEW_ws/install/agitr/share/ament_index/resource_index/package_run_dependencies/agitr
-- Installing: /home/elee4000/Desktop/ros2_NEW_ws/install/agitr/share/ament_index/resource_index/parent_prefix_path/agitr
-- Up-to-date: /home/elee4000/Desktop/ros2_NEW_ws/install/agitr/share/agitr/environment/ament_prefix_path.sh
-- Up-to-date: /home/elee4000/Desktop/ros2_NEW_ws/install/agitr/share/agitr/environment/ament_prefix_path.dsv
-- Up-to-date: /home/elee4000/Desktop/ros2_NEW_ws/install/agitr/share/agitr/environment/path.sh
-- Up-to-date: /home/elee4000/Desktop/ros2_NEW_ws/install/agitr/share/agitr/environment/path.dsv
-- Up-to-date: /home/elee4000/Desktop/ros2_NEW_ws/install/agitr/share/agitr/local_setup.bash
-- Up-to-date: /home/elee4000/Desktop/ros2_NEW_ws/install/agitr/share/agitr/local_setup.sh
-- Up-to-date: /home/elee4000/Desktop/ros2_NEW_ws/install/agitr/share/agitr/local_setup.zsh
-- Up-to-date: /home/elee4000/Desktop/ros2_NEW_ws/install/agitr/share/agitr/local_setup.dsv
-- Installing: /home/elee4000/Desktop/ros2_NEW_ws/install/agitr/share/agitr/package.dsv
-- Up-to-date: /home/elee4000/Desktop/ros2_NEW_ws/install/agitr/share/ament_index/resource_index/packages/agitr
-- Up-to-date: /home/elee4000/Desktop/ros2_NEW_ws/install/agitr/share/agitr/cmake/agitrConfig.cmake
-- Up-to-date: /home/elee4000/Desktop/ros2_NEW_ws/install/agitr/share/agitr/cmake/agitrConfig-version.cmake
-- Installing: /home/elee4000/Desktop/ros2_NEW_ws/install/agitr/share/agitr/package.xml
